localhost,Request URL http://localhost/littlefish/littlefish/wp-content/uploads/2018/10/logo.png,Referer http://localhost/littlefish/my-projects/,
localhost,Request URL http://localhost/littlefish/littlefish/wp-content/themes/custom-theme/img/logo-small.png,Referer http://localhost/littlefish/my-projects/,
localhost,Request URL http://localhost/littlefish/littlefish/wp-content/themes/custom-theme/img/logo-small-white.png,Referer http://localhost/littlefish/my-projects/,
localhost,Request URL http://localhost/littlefish/littlefish/wp-content/themes/custom-theme/img/logo-small-grey.png,Referer http://localhost/littlefish/my-projects/,
localhost,Request URL http://localhost/littlefish/littlefish/wp-content/uploads/2018/05/background-image-7.png,Referer http://localhost/littlefish/my-projects/,
localhost,Request URL http://localhost/littlefish/littlefish/wp-content/uploads/2020/04/cropped-favicon-2-192x192.png,Referer ,
localhost,Request URL http://localhost/littlefish/littlefish/wp-content/uploads/2018/05/background-image-7-150x150.png,Referer http://localhost/littlefish/wp-admin/post.php?post=148&action=edit&classic-editor,
localhost,Request URL http://localhost/littlefish/littlefish/wp-content/uploads/2020/04/cropped-favicon-2.png,Referer http://localhost/littlefish/wp-admin/post.php?post=148&action=edit&classic-editor,
localhost,Request URL http://localhost/littlefish/littlefish/wp-content/uploads/2020/04/cropped-favicon-2-32x32.png,Referer ,
localhost,Request URL http://localhost/littlefish/littlefish/wp-content/uploads/2020/04/cropped-favicon-2-192x192.png,Referer ,
localhost,Request URL http://localhost/littlefish/littlefish/wp-content/uploads/2020/04/cropped-favicon-2.png,Referer http://localhost/littlefish/wp-admin/post.php?post=6242&action=edit&classic-editor,
localhost,Request URL http://localhost/littlefish/littlefish/wp-content/themes/custom-theme/img/logo-small-grey.png,Referer http://localhost/littlefish/xero-connect/,
localhost,Request URL http://localhost/littlefish/littlefish/wp-content/themes/custom-theme/img/logo-small-white.png,Referer http://localhost/littlefish/xero-connect/,
localhost,Request URL http://localhost/littlefish/littlefish/wp-content/uploads/2018/10/logo.png,Referer http://localhost/littlefish/xero-connect/,
localhost,Request URL http://localhost/littlefish/littlefish/wp-content/themes/custom-theme/img/logo-small.png,Referer http://localhost/littlefish/xero-connect/,
localhost,Request URL http://localhost/littlefish/littlefish/wp-content/themes/custom-theme/img/logo-small.png,Referer http://localhost/littlefish/xero-connect/,
localhost,Request URL http://localhost/littlefish/littlefish/wp-content/uploads/2018/10/logo.png,Referer http://localhost/littlefish/xero-connect/,
localhost,Request URL http://localhost/littlefish/littlefish/wp-content/themes/custom-theme/img/logo-small-white.png,Referer http://localhost/littlefish/xero-connect/,
localhost,Request URL http://localhost/littlefish/littlefish/wp-content/uploads/2020/04/cropped-favicon-2.png,Referer http://localhost/littlefish/wp-admin/post.php?post=4718&action=edit&classic-editor,
localhost,Request URL http://localhost/littlefish/littlefish/wp-content/uploads/2020/04/cropped-favicon-2.png,Referer http://localhost/littlefish/wp-admin/post.php?post=4718&action=edit&classic-editor,
localhost,Request URL http://localhost/littlefish/littlefish/wp-content/uploads/2019/10/lf-logo.png,Referer http://localhost/littlefish/,
localhost,Request URL http://localhost/littlefish/littlefish/wp-content/uploads/2018/12/sss-500x325.jpg,Referer http://localhost/littlefish/,
localhost,Request URL http://localhost/littlefish/littlefish/wp-content/themes/custom-theme/img/logo-small.png,Referer http://localhost/littlefish/,
localhost,Request URL http://localhost/littlefish/littlefish/wp-content/themes/custom-theme/img/logo-small-white.png,Referer http://localhost/littlefish/,
localhost,Request URL http://localhost/littlefish/littlefish/wp-content/themes/custom-theme/fonts/ITCAvantGardeStd-XLt.woff2,Referer http://localhost/littlefish/wp-content/themes/custom-theme/style.css?ver=1.0.1,
localhost,Request URL http://localhost/littlefish/littlefish/wp-content/themes/custom-theme/img/logo-small-white.png,Referer http://localhost/littlefish/xero-connect/,
localhost,Request URL http://localhost/littlefish/littlefish/wp-content/themes/custom-theme/img/logo-small-grey.png,Referer http://localhost/littlefish/xero-connect/,
localhost,Request URL http://localhost/littlefish/littlefish/wp-content/uploads/2018/10/logo.png,Referer http://localhost/littlefish/xero-connect/,
localhost,Request URL http://localhost/littlefish/littlefish/wp-content/themes/custom-theme/img/logo-small.png,Referer http://localhost/littlefish/xero-connect/,
localhost,Request URL http://localhost/littlefish/littlefish/wp-content/uploads/2020/04/cropped-favicon-2-192x192.png,Referer ,
localhost,Request URL http://localhost/littlefish/littlefish/wp-content/uploads/2020/04/cropped-favicon-2-32x32.png,Referer ,
