localhost,Request URL https://localhost/littlefish/littlefish/wp-content/uploads/2019/10/lf-logo.png,Referer https://localhost/littlefish/,
localhost,Request URL https://localhost/littlefish/littlefish/wp-content/themes/custom-theme/img/logo-small-white.png,Referer https://localhost/littlefish/,
localhost,Request URL https://localhost/littlefish/littlefish/wp-content/uploads/2018/12/sss-500x325.jpg,Referer https://localhost/littlefish/,
localhost,Request URL https://localhost/littlefish/littlefish/wp-content/themes/custom-theme/img/logo-small.png,Referer https://localhost/littlefish/,
localhost,Request URL https://localhost/littlefish/littlefish/wp-content/uploads/2018/11/facade-500x325.jpg,Referer https://localhost/littlefish/,
localhost,Request URL https://localhost/littlefish/littlefish/wp-content/uploads/2019/10/11-Milford-St-7_web-500x325.jpg,Referer https://localhost/littlefish/,
localhost,Request URL https://localhost/littlefish/littlefish/wp-content/uploads/2019/10/facade1-mount-500x325.jpg,Referer https://localhost/littlefish/,
localhost,Request URL https://localhost/littlefish/littlefish/wp-content/themes/custom-theme/fonts/ITCAvantGardeStd-XLt.woff,Referer https://localhost/littlefish/wp-content/themes/custom-theme/style.css?ver=1.0.1,
localhost,Request URL https://localhost/littlefish/littlefish/wp-content/uploads/2019/10/banner.jpg,Referer https://localhost/littlefish/,
localhost,Request URL https://localhost/littlefish/littlefish/wp-content/uploads/2019/10/residential-property-developer-melbourne.jpg,Referer https://localhost/littlefish/,
localhost,Request URL https://localhost/littlefish/littlefish/wp-content/uploads/2019/10/residential-property-developers-melbourne.jpg,Referer https://localhost/littlefish/,
localhost,Request URL https://localhost/littlefish/littlefish/wp-content/uploads/2019/11/residential-developers-melbourne.jpg,Referer https://localhost/littlefish/,
localhost,Request URL https://localhost/littlefish/littlefish/wp-content/themes/custom-theme/fonts/ITCAvantGardeStd-XLt.woff2,Referer https://localhost/littlefish/wp-content/themes/custom-theme/style.css?ver=1.0.1,
localhost,Request URL https://localhost/littlefish/littlefish/wp-content/themes/custom-theme/img/logo-small-grey.png,Referer https://localhost/littlefish/xero-connect/,
localhost,Request URL https://localhost/littlefish/littlefish/wp-content/themes/custom-theme/img/logo-small.png,Referer https://localhost/littlefish/xero-connect/,
localhost,Request URL https://localhost/littlefish/littlefish/wp-content/themes/custom-theme/img/logo-small-white.png,Referer https://localhost/littlefish/xero-connect/,
localhost,Request URL https://localhost/littlefish/littlefish/wp-content/uploads/2018/10/logo.png,Referer https://localhost/littlefish/xero-connect/,
localhost,Request URL https://localhost/littlefish/littlefish/wp-content/themes/custom-theme/img/logo-small-grey.png,Referer https://localhost/littlefish/xero-connect/,
localhost,Request URL https://localhost/littlefish/littlefish/wp-content/themes/custom-theme/img/logo-small-white.png,Referer https://localhost/littlefish/xero-connect/,
localhost,Request URL https://localhost/littlefish/littlefish/wp-content/uploads/2018/10/logo.png,Referer https://localhost/littlefish/xero-connect/,
localhost,Request URL https://localhost/littlefish/littlefish/wp-content/themes/custom-theme/img/logo-small.png,Referer https://localhost/littlefish/xero-connect/,
localhost,Request URL https://localhost/littlefish/littlefish/wp-content/uploads/2018/10/logo.png,Referer https://localhost/littlefish/xero-connect/,
localhost,Request URL https://localhost/littlefish/littlefish/wp-content/themes/custom-theme/img/logo-small-grey.png,Referer https://localhost/littlefish/xero-connect/,
localhost,Request URL https://localhost/littlefish/littlefish/wp-content/themes/custom-theme/img/logo-small.png,Referer https://localhost/littlefish/xero-connect/,
localhost,Request URL https://localhost/littlefish/littlefish/wp-content/themes/custom-theme/img/logo-small-white.png,Referer https://localhost/littlefish/xero-connect/,
localhost,Request URL https://localhost/littlefish/littlefish/wp-content/themes/custom-theme/img/logo-small-grey.png,Referer https://localhost/littlefish/xero-connect/,
localhost,Request URL https://localhost/littlefish/littlefish/wp-content/uploads/2018/10/logo.png,Referer https://localhost/littlefish/xero-connect/,
localhost,Request URL https://localhost/littlefish/littlefish/wp-content/themes/custom-theme/img/logo-small-white.png,Referer https://localhost/littlefish/xero-connect/,
localhost,Request URL https://localhost/littlefish/littlefish/wp-content/themes/custom-theme/img/logo-small.png,Referer https://localhost/littlefish/xero-connect/,
