localhost,Request URL http://localhost/littlefish/littlefish/wp-content/themes/custom-theme/img/logo-small.png,Referer http://localhost/littlefish/329-inkerman-street/,
localhost,Request URL http://localhost/littlefish/littlefish/wp-content/themes/custom-theme/img/logo-small-grey.png,Referer http://localhost/littlefish/329-inkerman-street/,
localhost,Request URL http://localhost/littlefish/littlefish/wp-content/themes/custom-theme/img/logo-small-white.png,Referer http://localhost/littlefish/329-inkerman-street/,
localhost,Request URL http://localhost/littlefish/littlefish/wp-content/uploads/2018/10/logo.png,Referer http://localhost/littlefish/329-inkerman-street/,
localhost,Request URL http://localhost/littlefish/littlefish/wp-content/uploads/2020/04/cropped-favicon-2-192x192.png,Referer ,
localhost,Request URL http://localhost/littlefish/littlefish/wp-content/uploads/2018/10/logo.png,Referer http://localhost/littlefish/329-inkerman-street/,
localhost,Request URL http://localhost/littlefish/littlefish/wp-content/themes/custom-theme/img/logo-small.png,Referer http://localhost/littlefish/329-inkerman-street/,
localhost,Request URL http://localhost/littlefish/littlefish/wp-content/themes/custom-theme/img/logo-small-white.png,Referer http://localhost/littlefish/329-inkerman-street/,
localhost,Request URL http://localhost/littlefish/littlefish/wp-content/themes/custom-theme/img/logo-small-grey.png,Referer http://localhost/littlefish/329-inkerman-street/,
localhost,Request URL http://localhost/littlefish/littlefish/wp-content/themes/custom-theme/img/logo-small-grey.png,Referer http://localhost/littlefish/329-inkerman-street/,
localhost,Request URL http://localhost/littlefish/littlefish/wp-content/themes/custom-theme/img/logo-small.png,Referer http://localhost/littlefish/329-inkerman-street/,
localhost,Request URL http://localhost/littlefish/littlefish/wp-content/uploads/2018/10/logo.png,Referer http://localhost/littlefish/329-inkerman-street/,
localhost,Request URL http://localhost/littlefish/littlefish/wp-content/themes/custom-theme/img/logo-small-white.png,Referer http://localhost/littlefish/329-inkerman-street/,
localhost,Request URL http://localhost/littlefish/littlefish/wp-content/uploads/2020/04/cropped-favicon-2-192x192.png,Referer ,
localhost,Request URL http://localhost/littlefish/littlefish/wp-content/uploads/2020/04/cropped-favicon-2-32x32.png,Referer ,
localhost,Request URL http://localhost/littlefish/littlefish/wp-content/uploads/2018/10/logo.png,Referer http://localhost/littlefish/329-inkerman-street/,
localhost,Request URL http://localhost/littlefish/littlefish/wp-content/themes/custom-theme/img/logo-small.png,Referer http://localhost/littlefish/329-inkerman-street/,
localhost,Request URL http://localhost/littlefish/littlefish/wp-content/themes/custom-theme/img/logo-small-white.png,Referer http://localhost/littlefish/329-inkerman-street/,
localhost,Request URL http://localhost/littlefish/littlefish/wp-content/themes/custom-theme/img/logo-small-grey.png,Referer http://localhost/littlefish/329-inkerman-street/,
localhost,Request URL http://localhost/littlefish/littlefish/wp-content/uploads/2018/10/logo.png,Referer http://localhost/littlefish/329-inkerman-street/,
localhost,Request URL http://localhost/littlefish/littlefish/wp-content/themes/custom-theme/img/logo-small-grey.png,Referer http://localhost/littlefish/329-inkerman-street/,
localhost,Request URL http://localhost/littlefish/littlefish/wp-content/themes/custom-theme/img/logo-small-white.png,Referer http://localhost/littlefish/329-inkerman-street/,
localhost,Request URL http://localhost/littlefish/littlefish/wp-content/themes/custom-theme/img/logo-small.png,Referer http://localhost/littlefish/329-inkerman-street/,
localhost,Request URL http://localhost/littlefish/littlefish/wp-content/uploads/2020/04/cropped-favicon-2-32x32.png,Referer ,
localhost,Request URL http://localhost/littlefish/littlefish/wp-content/uploads/2020/04/cropped-favicon-2-192x192.png,Referer ,
localhost,Request URL http://localhost/littlefish/littlefish/wp-content/uploads/2018/10/logo.png,Referer http://localhost/littlefish/329-inkerman-street/,
localhost,Request URL http://localhost/littlefish/littlefish/wp-content/themes/custom-theme/img/logo-small.png,Referer http://localhost/littlefish/329-inkerman-street/,
localhost,Request URL http://localhost/littlefish/littlefish/wp-content/themes/custom-theme/img/logo-small-white.png,Referer http://localhost/littlefish/329-inkerman-street/,
localhost,Request URL http://localhost/littlefish/littlefish/wp-content/themes/custom-theme/img/logo-small-grey.png,Referer http://localhost/littlefish/329-inkerman-street/,
localhost,Request URL http://localhost/littlefish/littlefish/wp-content/themes/custom-theme/img/logo-small-white.png,Referer http://localhost/littlefish/329-inkerman-street/,
localhost,Request URL http://localhost/littlefish/littlefish/wp-content/uploads/2018/10/logo.png,Referer http://localhost/littlefish/329-inkerman-street/,
localhost,Request URL http://localhost/littlefish/littlefish/wp-content/themes/custom-theme/img/logo-small.png,Referer http://localhost/littlefish/329-inkerman-street/,
localhost,Request URL http://localhost/littlefish/littlefish/wp-content/themes/custom-theme/img/logo-small-grey.png,Referer http://localhost/littlefish/329-inkerman-street/,
localhost,Request URL http://localhost/littlefish/littlefish/wp-content/uploads/2020/04/cropped-favicon-2-192x192.png,Referer ,
localhost,Request URL http://localhost/littlefish/littlefish/wp-content/uploads/2020/04/cropped-favicon-2-32x32.png,Referer ,
localhost,Request URL http://localhost/littlefish/littlefish/wp-content/themes/custom-theme/img/logo-small.png,Referer http://localhost/littlefish/329-inkerman-street/,
localhost,Request URL http://localhost/littlefish/littlefish/wp-content/uploads/2018/10/logo.png,Referer http://localhost/littlefish/329-inkerman-street/,
localhost,Request URL http://localhost/littlefish/littlefish/wp-content/themes/custom-theme/img/logo-small-white.png,Referer http://localhost/littlefish/329-inkerman-street/,
localhost,Request URL http://localhost/littlefish/littlefish/wp-content/themes/custom-theme/img/logo-small-grey.png,Referer http://localhost/littlefish/329-inkerman-street/,
localhost,Request URL http://localhost/littlefish/littlefish/wp-content/uploads/2020/04/cropped-favicon-2-32x32.png,Referer ,
localhost,Request URL http://localhost/littlefish/littlefish/wp-content/uploads/2020/04/cropped-favicon-2-192x192.png,Referer ,
localhost,Request URL http://localhost/littlefish/littlefish/wp-content/themes/custom-theme/img/logo-small-white.png,Referer http://localhost/littlefish/329-inkerman-street/,
localhost,Request URL http://localhost/littlefish/littlefish/wp-content/uploads/2018/10/logo.png,Referer http://localhost/littlefish/329-inkerman-street/,
localhost,Request URL http://localhost/littlefish/littlefish/wp-content/themes/custom-theme/img/logo-small.png,Referer http://localhost/littlefish/329-inkerman-street/,
localhost,Request URL http://localhost/littlefish/littlefish/wp-content/themes/custom-theme/img/logo-small-grey.png,Referer http://localhost/littlefish/329-inkerman-street/,
localhost,Request URL http://localhost/littlefish/littlefish/wp-content/uploads/2018/10/logo.png,Referer http://localhost/littlefish/329-inkerman-street/,
localhost,Request URL http://localhost/littlefish/littlefish/wp-content/themes/custom-theme/img/logo-small.png,Referer http://localhost/littlefish/329-inkerman-street/,
localhost,Request URL http://localhost/littlefish/littlefish/wp-content/themes/custom-theme/img/logo-small-grey.png,Referer http://localhost/littlefish/329-inkerman-street/,
localhost,Request URL http://localhost/littlefish/littlefish/wp-content/themes/custom-theme/img/logo-small-white.png,Referer http://localhost/littlefish/329-inkerman-street/,
localhost,Request URL http://localhost/littlefish/littlefish/wp-content/uploads/2020/04/cropped-favicon-2-192x192.png,Referer ,
localhost,Request URL http://localhost/littlefish/littlefish/wp-content/uploads/2020/04/cropped-favicon-2-32x32.png,Referer ,
localhost,Request URL http://localhost/littlefish/littlefish/wp-content/themes/custom-theme/img/logo-small-white.png,Referer http://localhost/littlefish/329-inkerman-street/,
localhost,Request URL http://localhost/littlefish/littlefish/wp-content/themes/custom-theme/img/logo-small.png,Referer http://localhost/littlefish/329-inkerman-street/,
localhost,Request URL http://localhost/littlefish/littlefish/wp-content/uploads/2018/10/logo.png,Referer http://localhost/littlefish/329-inkerman-street/,
localhost,Request URL http://localhost/littlefish/littlefish/wp-content/uploads/2020/04/cropped-favicon-2-192x192.png,Referer ,
localhost,Request URL http://localhost/littlefish/littlefish/wp-content/themes/custom-theme/img/logo-small-grey.png,Referer http://localhost/littlefish/329-inkerman-street/,
localhost,Request URL http://localhost/littlefish/littlefish/wp-content/uploads/2018/10/logo.png,Referer http://localhost/littlefish/329-inkerman-street/,
localhost,Request URL http://localhost/littlefish/littlefish/wp-content/themes/custom-theme/img/logo-small.png,Referer http://localhost/littlefish/329-inkerman-street/,
localhost,Request URL http://localhost/littlefish/littlefish/wp-content/themes/custom-theme/img/logo-small-white.png,Referer http://localhost/littlefish/329-inkerman-street/,
localhost,Request URL http://localhost/littlefish/littlefish/wp-content/themes/custom-theme/img/logo-small-grey.png,Referer http://localhost/littlefish/329-inkerman-street/,
localhost,Request URL http://localhost/littlefish/littlefish/wp-content/themes/custom-theme/img/logo-small.png,Referer http://localhost/littlefish/329-inkerman-street/,
localhost,Request URL http://localhost/littlefish/littlefish/wp-content/uploads/2018/10/logo.png,Referer http://localhost/littlefish/329-inkerman-street/,
localhost,Request URL http://localhost/littlefish/littlefish/wp-content/themes/custom-theme/img/logo-small-grey.png,Referer http://localhost/littlefish/329-inkerman-street/,
localhost,Request URL http://localhost/littlefish/littlefish/wp-content/themes/custom-theme/img/logo-small-white.png,Referer http://localhost/littlefish/329-inkerman-street/,
localhost,Request URL http://localhost/littlefish/littlefish/wp-content/uploads/2020/04/cropped-favicon-2-192x192.png,Referer ,
localhost,Request URL http://localhost/littlefish/littlefish/wp-content/uploads/2020/04/cropped-favicon-2-32x32.png,Referer ,
localhost,Request URL http://localhost/littlefish/littlefish/wp-content/themes/custom-theme/img/logo-small.png,Referer http://localhost/littlefish/329-inkerman-street/,
localhost,Request URL http://localhost/littlefish/littlefish/wp-content/uploads/2018/10/logo.png,Referer http://localhost/littlefish/329-inkerman-street/,
localhost,Request URL http://localhost/littlefish/littlefish/wp-content/themes/custom-theme/img/logo-small-grey.png,Referer http://localhost/littlefish/329-inkerman-street/,
localhost,Request URL http://localhost/littlefish/littlefish/wp-content/themes/custom-theme/img/logo-small-white.png,Referer http://localhost/littlefish/329-inkerman-street/,
localhost,Request URL http://localhost/littlefish/littlefish/wp-content/themes/custom-theme/img/logo-small-grey.png,Referer http://localhost/littlefish/329-inkerman-street/,
localhost,Request URL http://localhost/littlefish/littlefish/wp-content/uploads/2018/10/logo.png,Referer http://localhost/littlefish/329-inkerman-street/,
localhost,Request URL http://localhost/littlefish/littlefish/wp-content/themes/custom-theme/img/logo-small.png,Referer http://localhost/littlefish/329-inkerman-street/,
localhost,Request URL http://localhost/littlefish/littlefish/wp-content/themes/custom-theme/img/logo-small-white.png,Referer http://localhost/littlefish/329-inkerman-street/,
localhost,Request URL http://localhost/littlefish/littlefish/wp-content/uploads/2020/04/cropped-favicon-2-192x192.png,Referer ,
localhost,Request URL http://localhost/littlefish/littlefish/wp-content/uploads/2020/04/cropped-favicon-2-32x32.png,Referer ,
localhost,Request URL http://localhost/littlefish/littlefish/wp-content/uploads/2018/10/logo.png,Referer http://localhost/littlefish/329-inkerman-street/,
localhost,Request URL http://localhost/littlefish/littlefish/wp-content/themes/custom-theme/img/logo-small.png,Referer http://localhost/littlefish/329-inkerman-street/,
localhost,Request URL http://localhost/littlefish/littlefish/wp-content/themes/custom-theme/img/logo-small-white.png,Referer http://localhost/littlefish/329-inkerman-street/,
localhost,Request URL http://localhost/littlefish/littlefish/wp-content/themes/custom-theme/img/logo-small-grey.png,Referer http://localhost/littlefish/329-inkerman-street/,
localhost,Request URL http://localhost/littlefish/littlefish/wp-content/themes/custom-theme/img/logo-small-grey.png,Referer http://localhost/littlefish/329-inkerman-street/,
localhost,Request URL http://localhost/littlefish/littlefish/wp-content/themes/custom-theme/img/logo-small.png,Referer http://localhost/littlefish/329-inkerman-street/,
localhost,Request URL http://localhost/littlefish/littlefish/wp-content/themes/custom-theme/img/logo-small-white.png,Referer http://localhost/littlefish/329-inkerman-street/,
localhost,Request URL http://localhost/littlefish/littlefish/wp-content/uploads/2018/10/logo.png,Referer http://localhost/littlefish/329-inkerman-street/,
localhost,Request URL http://localhost/littlefish/littlefish/wp-content/themes/custom-theme/img/logo-small-white.png,Referer http://localhost/littlefish/329-inkerman-street/,
localhost,Request URL http://localhost/littlefish/littlefish/wp-content/uploads/2018/10/logo.png,Referer http://localhost/littlefish/329-inkerman-street/,
localhost,Request URL http://localhost/littlefish/littlefish/wp-content/themes/custom-theme/img/logo-small.png,Referer http://localhost/littlefish/329-inkerman-street/,
localhost,Request URL http://localhost/littlefish/littlefish/wp-content/themes/custom-theme/img/logo-small-grey.png,Referer http://localhost/littlefish/329-inkerman-street/,
localhost,Request URL http://localhost/littlefish/littlefish/wp-content/uploads/2020/04/cropped-favicon-2-32x32.png,Referer ,
localhost,Request URL http://localhost/littlefish/littlefish/wp-content/uploads/2020/04/cropped-favicon-2-192x192.png,Referer ,
localhost,Request URL http://localhost/littlefish/littlefish/wp-content/themes/custom-theme/img/logo-small.png,Referer http://localhost/littlefish/329-inkerman-street/,
localhost,Request URL http://localhost/littlefish/littlefish/wp-content/uploads/2018/10/logo.png,Referer http://localhost/littlefish/329-inkerman-street/,
localhost,Request URL http://localhost/littlefish/littlefish/wp-content/themes/custom-theme/img/logo-small-white.png,Referer http://localhost/littlefish/329-inkerman-street/,
localhost,Request URL http://localhost/littlefish/littlefish/wp-content/themes/custom-theme/img/logo-small-grey.png,Referer http://localhost/littlefish/329-inkerman-street/,
localhost,Request URL http://localhost/littlefish/littlefish/wp-content/uploads/2020/04/cropped-favicon-2-32x32.png,Referer ,
localhost,Request URL http://localhost/littlefish/littlefish/wp-content/uploads/2020/04/cropped-favicon-2-192x192.png,Referer ,
localhost,Request URL http://localhost/littlefish/littlefish/wp-content/uploads/2018/10/logo.png,Referer http://localhost/littlefish/329-inkerman-street/,
localhost,Request URL http://localhost/littlefish/littlefish/wp-content/themes/custom-theme/img/logo-small.png,Referer http://localhost/littlefish/329-inkerman-street/,
localhost,Request URL http://localhost/littlefish/littlefish/wp-content/themes/custom-theme/img/logo-small-white.png,Referer http://localhost/littlefish/329-inkerman-street/,
localhost,Request URL http://localhost/littlefish/littlefish/wp-content/themes/custom-theme/img/logo-small-grey.png,Referer http://localhost/littlefish/329-inkerman-street/,
