localhost,Request URL http://localhost/littlefish/littlefish/wp-content/themes/custom-theme/img/logo-small-grey.png,Referer http://localhost/littlefish/my-projects/,
localhost,Request URL http://localhost/littlefish/littlefish/wp-content/themes/custom-theme/img/logo-small.png,Referer http://localhost/littlefish/my-projects/,
localhost,Request URL http://localhost/littlefish/littlefish/wp-content/uploads/2018/10/logo.png,Referer http://localhost/littlefish/my-projects/,
localhost,Request URL http://localhost/littlefish/littlefish/wp-content/themes/custom-theme/img/logo-small-white.png,Referer http://localhost/littlefish/my-projects/,
localhost,Request URL http://localhost/littlefish/littlefish/wp-content/uploads/2018/05/background-image-7.png,Referer http://localhost/littlefish/my-projects/,
localhost,Request URL http://localhost/littlefish/littlefish/xer-connect,Referer ,
localhost,Request URL http://localhost/littlefish/littlefish/wp-content/uploads/2018/10/logo.png,Referer http://localhost/littlefish/xero-connect/,
localhost,Request URL http://localhost/littlefish/littlefish/wp-content/themes/custom-theme/img/logo-small-grey.png,Referer http://localhost/littlefish/xero-connect/,
localhost,Request URL http://localhost/littlefish/littlefish/wp-content/themes/custom-theme/img/logo-small.png,Referer http://localhost/littlefish/xero-connect/,
localhost,Request URL http://localhost/littlefish/littlefish/wp-content/themes/custom-theme/img/logo-small-white.png,Referer http://localhost/littlefish/xero-connect/,
localhost,Request URL http://localhost/littlefish/littlefish/wp-content/themes/custom-theme/img/logo-small.png,Referer http://localhost/littlefish/xero-connect/,
localhost,Request URL http://localhost/littlefish/littlefish/wp-content/themes/custom-theme/img/logo-small-white.png,Referer http://localhost/littlefish/xero-connect/,
localhost,Request URL http://localhost/littlefish/littlefish/wp-content/themes/custom-theme/img/logo-small-grey.png,Referer http://localhost/littlefish/xero-connect/,
localhost,Request URL http://localhost/littlefish/littlefish/wp-content/uploads/2018/10/logo.png,Referer http://localhost/littlefish/xero-connect/,
localhost,Request URL http://localhost/littlefish/littlefish/wp-content/uploads/2018/10/logo.png,Referer http://localhost/littlefish/xero-callback/?code=fbf16a15507601b441666abf4cd49fead4f42e6723f31e7f160472b7b7599156&scope=openid%20profile%20email%20files%20accounting.transactions%20accounting.transactions.read%20accounting.reports.read%20accounting.journals.read%20accounting.settings%20accounting.settings.read%20accounting.contacts%20accounting.contacts.read%20accounting.attachments%20accounting.attachments.read&session_state=Y94NrALrrPOUqNpWW9MoShDelJ__x_y9YZCqkDg_dlY.f945bc5b8fb7678cc7d4c1444149b627,
localhost,Request URL http://localhost/littlefish/littlefish/wp-content/themes/custom-theme/img/logo-small-grey.png,Referer http://localhost/littlefish/xero-callback/?code=fbf16a15507601b441666abf4cd49fead4f42e6723f31e7f160472b7b7599156&scope=openid%20profile%20email%20files%20accounting.transactions%20accounting.transactions.read%20accounting.reports.read%20accounting.journals.read%20accounting.settings%20accounting.settings.read%20accounting.contacts%20accounting.contacts.read%20accounting.attachments%20accounting.attachments.read&session_state=Y94NrALrrPOUqNpWW9MoShDelJ__x_y9YZCqkDg_dlY.f945bc5b8fb7678cc7d4c1444149b627,
localhost,Request URL http://localhost/littlefish/littlefish/wp-content/themes/custom-theme/img/logo-small-white.png,Referer http://localhost/littlefish/xero-callback/?code=fbf16a15507601b441666abf4cd49fead4f42e6723f31e7f160472b7b7599156&scope=openid%20profile%20email%20files%20accounting.transactions%20accounting.transactions.read%20accounting.reports.read%20accounting.journals.read%20accounting.settings%20accounting.settings.read%20accounting.contacts%20accounting.contacts.read%20accounting.attachments%20accounting.attachments.read&session_state=Y94NrALrrPOUqNpWW9MoShDelJ__x_y9YZCqkDg_dlY.f945bc5b8fb7678cc7d4c1444149b627,
localhost,Request URL http://localhost/littlefish/littlefish/wp-content/themes/custom-theme/img/logo-small.png,Referer http://localhost/littlefish/xero-callback/?code=fbf16a15507601b441666abf4cd49fead4f42e6723f31e7f160472b7b7599156&scope=openid%20profile%20email%20files%20accounting.transactions%20accounting.transactions.read%20accounting.reports.read%20accounting.journals.read%20accounting.settings%20accounting.settings.read%20accounting.contacts%20accounting.contacts.read%20accounting.attachments%20accounting.attachments.read&session_state=Y94NrALrrPOUqNpWW9MoShDelJ__x_y9YZCqkDg_dlY.f945bc5b8fb7678cc7d4c1444149b627,
localhost,Request URL http://localhost/littlefish/littlefish/wp-content/themes/custom-theme/img/logo-small.png,Referer http://localhost/littlefish/xero-connect/,
localhost,Request URL http://localhost/littlefish/littlefish/wp-content/themes/custom-theme/img/logo-small-white.png,Referer http://localhost/littlefish/xero-connect/,
localhost,Request URL http://localhost/littlefish/littlefish/wp-content/uploads/2018/10/logo.png,Referer http://localhost/littlefish/xero-connect/,
localhost,Request URL http://localhost/littlefish/littlefish/wp-content/themes/custom-theme/img/logo-small-grey.png,Referer http://localhost/littlefish/xero-connect/,
localhost,Request URL http://localhost/littlefish/littlefish/wp-content/themes/custom-theme/img/logo-small-white.png,Referer http://localhost/littlefish/xero-connect/,
localhost,Request URL http://localhost/littlefish/littlefish/wp-content/themes/custom-theme/img/logo-small.png,Referer http://localhost/littlefish/xero-connect/,
localhost,Request URL http://localhost/littlefish/littlefish/wp-content/uploads/2018/10/logo.png,Referer http://localhost/littlefish/xero-connect/,
localhost,Request URL http://localhost/littlefish/littlefish/wp-content/themes/custom-theme/img/logo-small-grey.png,Referer http://localhost/littlefish/xero-connect/,
localhost,Request URL http://localhost/littlefish/littlefish/wp-content/uploads/2018/10/logo.png,Referer http://localhost/littlefish/xero-connect/,
localhost,Request URL http://localhost/littlefish/littlefish/wp-content/themes/custom-theme/img/logo-small.png,Referer http://localhost/littlefish/xero-connect/,
localhost,Request URL http://localhost/littlefish/littlefish/wp-content/themes/custom-theme/img/logo-small-grey.png,Referer http://localhost/littlefish/xero-connect/,
localhost,Request URL http://localhost/littlefish/littlefish/wp-content/themes/custom-theme/img/logo-small-white.png,Referer http://localhost/littlefish/xero-connect/,
localhost,Request URL http://localhost/littlefish/littlefish/wp-content/themes/custom-theme/img/logo-small.png,Referer http://localhost/littlefish/xero-connect/,
localhost,Request URL http://localhost/littlefish/littlefish/wp-content/uploads/2018/10/logo.png,Referer http://localhost/littlefish/xero-connect/,
localhost,Request URL http://localhost/littlefish/littlefish/wp-content/themes/custom-theme/img/logo-small-white.png,Referer http://localhost/littlefish/xero-connect/,
localhost,Request URL http://localhost/littlefish/littlefish/wp-content/themes/custom-theme/img/logo-small-grey.png,Referer http://localhost/littlefish/xero-connect/,
