localhost,Request URL http://localhost/littlefish/littlefish/wp-content/themes/custom-theme/img/logo-small.png,Referer http://localhost/littlefish/my-projects/,
localhost,Request URL http://localhost/littlefish/littlefish/wp-content/themes/custom-theme/img/logo-small-grey.png,Referer http://localhost/littlefish/my-projects/,
localhost,Request URL http://localhost/littlefish/littlefish/wp-content/uploads/2018/10/logo.png,Referer http://localhost/littlefish/my-projects/,
localhost,Request URL http://localhost/littlefish/littlefish/wp-content/themes/custom-theme/img/logo-small-white.png,Referer http://localhost/littlefish/my-projects/,
localhost,Request URL http://localhost/littlefish/littlefish/wp-content/themes/custom-theme/img/logo-small.png,Referer http://localhost/littlefish/my-projects/,
localhost,Request URL http://localhost/littlefish/littlefish/wp-content/uploads/2018/10/logo.png,Referer http://localhost/littlefish/my-projects/,
localhost,Request URL http://localhost/littlefish/littlefish/wp-content/themes/custom-theme/img/logo-small-white.png,Referer http://localhost/littlefish/my-projects/,
localhost,Request URL http://localhost/littlefish/littlefish/wp-content/themes/custom-theme/img/logo-small-grey.png,Referer http://localhost/littlefish/my-projects/,
localhost,Request URL http://localhost/littlefish/littlefish/wp-content/themes/custom-theme/img/logo-small-white.png,Referer http://localhost/littlefish/my-projects/,
localhost,Request URL http://localhost/littlefish/littlefish/wp-content/themes/custom-theme/img/logo-small-grey.png,Referer http://localhost/littlefish/my-projects/,
localhost,Request URL http://localhost/littlefish/littlefish/wp-content/themes/custom-theme/img/logo-small.png,Referer http://localhost/littlefish/my-projects/,
localhost,Request URL http://localhost/littlefish/littlefish/wp-content/uploads/2018/10/logo.png,Referer http://localhost/littlefish/my-projects/,
localhost,Request URL http://localhost/littlefish/littlefish/wp-content/uploads/2020/04/cropped-favicon-2-192x192.png,Referer ,
localhost,Request URL http://localhost/littlefish/littlefish/wp-content/uploads/2020/04/cropped-favicon-2-32x32.png,Referer ,
localhost,Request URL http://localhost/littlefish/littlefish/wp-content/themes/custom-theme/img/logo-small.png,Referer http://localhost/littlefish/my-projects/,
localhost,Request URL http://localhost/littlefish/littlefish/wp-content/themes/custom-theme/img/logo-small-white.png,Referer http://localhost/littlefish/my-projects/,
localhost,Request URL http://localhost/littlefish/littlefish/wp-content/uploads/2018/10/logo.png,Referer http://localhost/littlefish/my-projects/,
localhost,Request URL http://localhost/littlefish/littlefish/wp-content/themes/custom-theme/img/logo-small-grey.png,Referer http://localhost/littlefish/my-projects/,
localhost,Request URL http://localhost/littlefish/littlefish/wp-content/themes/custom-theme/img/logo-small-grey.png,Referer http://localhost/littlefish/my-projects/,
localhost,Request URL http://localhost/littlefish/littlefish/wp-content/themes/custom-theme/img/logo-small.png,Referer http://localhost/littlefish/my-projects/,
localhost,Request URL http://localhost/littlefish/littlefish/wp-content/themes/custom-theme/img/logo-small-white.png,Referer http://localhost/littlefish/my-projects/,
localhost,Request URL http://localhost/littlefish/littlefish/wp-content/uploads/2018/10/logo.png,Referer http://localhost/littlefish/my-projects/,
localhost,Request URL http://localhost/littlefish/littlefish/wp-content/uploads/2018/10/logo.png,Referer http://localhost/littlefish/my-projects/,
localhost,Request URL http://localhost/littlefish/littlefish/wp-content/themes/custom-theme/img/logo-small-grey.png,Referer http://localhost/littlefish/my-projects/,
localhost,Request URL http://localhost/littlefish/littlefish/wp-content/themes/custom-theme/img/logo-small-white.png,Referer http://localhost/littlefish/my-projects/,
localhost,Request URL http://localhost/littlefish/littlefish/wp-content/themes/custom-theme/img/logo-small.png,Referer http://localhost/littlefish/my-projects/,
localhost,Request URL http://localhost/littlefish/littlefish/wp-content/uploads/2018/10/logo.png,Referer http://localhost/littlefish/my-projects/,
localhost,Request URL http://localhost/littlefish/littlefish/wp-content/themes/custom-theme/img/logo-small-white.png,Referer http://localhost/littlefish/my-projects/,
localhost,Request URL http://localhost/littlefish/littlefish/wp-content/themes/custom-theme/img/logo-small-grey.png,Referer http://localhost/littlefish/my-projects/,
localhost,Request URL http://localhost/littlefish/littlefish/wp-content/themes/custom-theme/img/logo-small.png,Referer http://localhost/littlefish/my-projects/,
localhost,Request URL http://localhost/littlefish/littlefish/wp-content/uploads/2018/10/logo.png,Referer http://localhost/littlefish/my-projects/,
localhost,Request URL http://localhost/littlefish/littlefish/wp-content/themes/custom-theme/img/logo-small-grey.png,Referer http://localhost/littlefish/my-projects/,
localhost,Request URL http://localhost/littlefish/littlefish/wp-content/themes/custom-theme/img/logo-small-white.png,Referer http://localhost/littlefish/my-projects/,
localhost,Request URL http://localhost/littlefish/littlefish/wp-content/themes/custom-theme/img/logo-small.png,Referer http://localhost/littlefish/my-projects/,
localhost,Request URL http://localhost/littlefish/littlefish/wp-content/themes/custom-theme/img/logo-small.png,Referer http://localhost/littlefish/my-projects/,
localhost,Request URL http://localhost/littlefish/littlefish/wp-content/themes/custom-theme/img/logo-small-white.png,Referer http://localhost/littlefish/my-projects/,
localhost,Request URL http://localhost/littlefish/littlefish/wp-content/uploads/2018/10/logo.png,Referer http://localhost/littlefish/my-projects/,
localhost,Request URL http://localhost/littlefish/littlefish/wp-content/themes/custom-theme/img/logo-small-grey.png,Referer http://localhost/littlefish/my-projects/,
localhost,Request URL http://localhost/littlefish/littlefish/wp-content/themes/custom-theme/img/logo-small-grey.png,Referer http://localhost/littlefish/my-projects/,
localhost,Request URL http://localhost/littlefish/littlefish/wp-content/themes/custom-theme/img/logo-small.png,Referer http://localhost/littlefish/my-projects/,
localhost,Request URL http://localhost/littlefish/littlefish/wp-content/uploads/2018/10/logo.png,Referer http://localhost/littlefish/my-projects/,
localhost,Request URL http://localhost/littlefish/littlefish/wp-content/themes/custom-theme/img/logo-small-white.png,Referer http://localhost/littlefish/my-projects/,
localhost,Request URL http://localhost/littlefish/littlefish/wp-content/uploads/2018/10/logo.png,Referer http://localhost/littlefish/my-projects/,
localhost,Request URL http://localhost/littlefish/littlefish/wp-content/themes/custom-theme/img/logo-small-white.png,Referer http://localhost/littlefish/my-projects/,
localhost,Request URL http://localhost/littlefish/littlefish/wp-content/themes/custom-theme/img/logo-small.png,Referer http://localhost/littlefish/my-projects/,
localhost,Request URL http://localhost/littlefish/littlefish/wp-content/themes/custom-theme/img/logo-small-grey.png,Referer http://localhost/littlefish/my-projects/,
localhost,Request URL http://localhost/littlefish/littlefish/wp-content/themes/custom-theme/img/logo-small.png,Referer http://localhost/littlefish/my-projects/,
localhost,Request URL http://localhost/littlefish/littlefish/wp-content/uploads/2018/10/logo.png,Referer http://localhost/littlefish/my-projects/,
localhost,Request URL http://localhost/littlefish/littlefish/wp-content/themes/custom-theme/img/logo-small-grey.png,Referer http://localhost/littlefish/my-projects/,
localhost,Request URL http://localhost/littlefish/littlefish/wp-content/themes/custom-theme/img/logo-small-white.png,Referer http://localhost/littlefish/my-projects/,
localhost,Request URL http://localhost/littlefish/littlefish/wp-content/themes/custom-theme/img/logo-small-white.png,Referer http://localhost/littlefish/my-projects/,
localhost,Request URL http://localhost/littlefish/littlefish/wp-content/uploads/2018/10/logo.png,Referer http://localhost/littlefish/my-projects/,
localhost,Request URL http://localhost/littlefish/littlefish/wp-content/themes/custom-theme/img/logo-small.png,Referer http://localhost/littlefish/my-projects/,
localhost,Request URL http://localhost/littlefish/littlefish/wp-content/themes/custom-theme/img/logo-small-grey.png,Referer http://localhost/littlefish/my-projects/,
localhost,Request URL http://localhost/littlefish/littlefish/wp-content/themes/custom-theme/img/logo-small-grey.png,Referer http://localhost/littlefish/my-projects/,
localhost,Request URL http://localhost/littlefish/littlefish/wp-content/uploads/2018/10/logo.png,Referer http://localhost/littlefish/my-projects/,
localhost,Request URL http://localhost/littlefish/littlefish/wp-content/themes/custom-theme/img/logo-small.png,Referer http://localhost/littlefish/my-projects/,
localhost,Request URL http://localhost/littlefish/littlefish/wp-content/themes/custom-theme/img/logo-small-white.png,Referer http://localhost/littlefish/my-projects/,
localhost,Request URL http://localhost/littlefish/littlefish/wp-content/themes/custom-theme/img/logo-small.png,Referer http://localhost/littlefish/my-projects/,
localhost,Request URL http://localhost/littlefish/littlefish/wp-content/themes/custom-theme/img/logo-small-white.png,Referer http://localhost/littlefish/my-projects/,
localhost,Request URL http://localhost/littlefish/littlefish/wp-content/uploads/2018/10/logo.png,Referer http://localhost/littlefish/my-projects/,
localhost,Request URL http://localhost/littlefish/littlefish/wp-content/themes/custom-theme/img/logo-small-grey.png,Referer http://localhost/littlefish/my-projects/,
localhost,Request URL http://localhost/littlefish/littlefish/wp-content/uploads/2018/10/logo.png,Referer http://localhost/littlefish/my-projects/,
localhost,Request URL http://localhost/littlefish/littlefish/wp-content/themes/custom-theme/img/logo-small.png,Referer http://localhost/littlefish/my-projects/,
localhost,Request URL http://localhost/littlefish/littlefish/wp-content/themes/custom-theme/img/logo-small-white.png,Referer http://localhost/littlefish/my-projects/,
localhost,Request URL http://localhost/littlefish/littlefish/wp-content/themes/custom-theme/img/logo-small-white.png,Referer http://localhost/littlefish/my-projects/,
localhost,Request URL http://localhost/littlefish/littlefish/wp-content/themes/custom-theme/img/logo-small.png,Referer http://localhost/littlefish/my-projects/,
localhost,Request URL http://localhost/littlefish/littlefish/wp-content/uploads/2018/10/logo.png,Referer http://localhost/littlefish/my-projects/,
localhost,Request URL http://localhost/littlefish/littlefish/wp-content/themes/custom-theme/img/logo-small.png,Referer http://localhost/littlefish/my-projects/,
localhost,Request URL http://localhost/littlefish/littlefish/wp-content/uploads/2018/10/logo.png,Referer http://localhost/littlefish/my-projects/,
localhost,Request URL http://localhost/littlefish/littlefish/wp-content/themes/custom-theme/img/logo-small-white.png,Referer http://localhost/littlefish/my-projects/,
localhost,Request URL http://localhost/littlefish/littlefish/wp-content/themes/custom-theme/img/logo-small-white.png,Referer http://localhost/littlefish/my-projects/,
localhost,Request URL http://localhost/littlefish/littlefish/wp-content/uploads/2018/10/logo.png,Referer http://localhost/littlefish/my-projects/,
localhost,Request URL http://localhost/littlefish/littlefish/wp-content/themes/custom-theme/img/logo-small.png,Referer http://localhost/littlefish/my-projects/,
localhost,Request URL http://localhost/littlefish/littlefish/wp-content/themes/custom-theme/img/logo-small-grey.png,Referer http://localhost/littlefish/my-projects/,
localhost,Request URL http://localhost/littlefish/littlefish/wp-content/uploads/2020/04/cropped-favicon-2.png,Referer http://localhost/littlefish/wp-admin/post.php?post=6260&action=edit&classic-editor,
localhost,Request URL http://localhost/littlefish/littlefish/wp-content/themes/custom-theme/img/logo-small.png,Referer http://localhost/littlefish/my-projects/,
localhost,Request URL http://localhost/littlefish/littlefish/wp-content/themes/custom-theme/img/logo-small.png,Referer http://localhost/littlefish/my-projects/,
localhost,Request URL http://localhost/littlefish/littlefish/wp-content/uploads/2018/10/logo.png,Referer http://localhost/littlefish/my-projects/,
localhost,Request URL http://localhost/littlefish/littlefish/wp-content/themes/custom-theme/img/logo-small-grey.png,Referer http://localhost/littlefish/my-projects/,
localhost,Request URL http://localhost/littlefish/littlefish/wp-content/themes/custom-theme/img/logo-small-white.png,Referer http://localhost/littlefish/my-projects/,
localhost,Request URL http://localhost/littlefish/littlefish/wp-content/uploads/2020/04/cropped-favicon-2-192x192.png,Referer ,
localhost,Request URL http://localhost/littlefish/littlefish/wp-content/uploads/2020/04/cropped-favicon-2-32x32.png,Referer ,
localhost,Request URL http://localhost/littlefish/littlefish/wp-content/themes/custom-theme/fonts/fontawesome-webfont.woff2?v=4.7.0,Referer http://localhost/littlefish/wp-content/themes/custom-theme/css/font-awesome.css?ver=4.7.0,
localhost,Request URL http://localhost/littlefish/littlefish/wp-content/themes/custom-theme/fonts/fontawesome-webfont.woff?v=4.7.0,Referer http://localhost/littlefish/wp-content/themes/custom-theme/css/font-awesome.css?ver=4.7.0,
localhost,Request URL http://localhost/littlefish/littlefish/wp-content/themes/custom-theme/fonts/fontawesome-webfont.ttf?v=4.7.0,Referer http://localhost/littlefish/wp-content/themes/custom-theme/css/font-awesome.css?ver=4.7.0,
localhost,Request URL http://localhost/littlefish/littlefish/wp-content/themes/custom-theme/img/logo-small.png,Referer http://localhost/littlefish/my-projects/,
localhost,Request URL http://localhost/littlefish/littlefish/wp-content/themes/custom-theme/img/logo-small-white.png,Referer http://localhost/littlefish/my-projects/,
localhost,Request URL http://localhost/littlefish/littlefish/wp-content/uploads/2018/10/logo.png,Referer http://localhost/littlefish/my-projects/,
localhost,Request URL http://localhost/littlefish/littlefish/wp-content/themes/custom-theme/img/logo-small-grey.png,Referer http://localhost/littlefish/my-projects/,
localhost,Request URL http://localhost/littlefish/littlefish/wp-content/uploads/2018/10/logo.png,Referer http://localhost/littlefish/my-projects/,
localhost,Request URL http://localhost/littlefish/littlefish/wp-content/themes/custom-theme/img/logo-small-white.png,Referer http://localhost/littlefish/my-projects/,
localhost,Request URL http://localhost/littlefish/littlefish/wp-content/themes/custom-theme/img/logo-small-grey.png,Referer http://localhost/littlefish/my-projects/,
localhost,Request URL http://localhost/littlefish/littlefish/wp-content/themes/custom-theme/img/logo-small.png,Referer http://localhost/littlefish/my-projects/,
localhost,Request URL http://localhost/littlefish/littlefish/wp-content/themes/custom-theme/img/logo-small-white.png,Referer http://localhost/littlefish/anandhsp21/,
localhost,Request URL http://localhost/littlefish/littlefish/wp-content/themes/custom-theme/img/logo-small-grey.png,Referer http://localhost/littlefish/anandhsp21/,
localhost,Request URL http://localhost/littlefish/littlefish/wp-content/uploads/2018/10/logo.png,Referer http://localhost/littlefish/anandhsp21/,
localhost,Request URL http://localhost/littlefish/littlefish/wp-content/themes/custom-theme/img/logo-small.png,Referer http://localhost/littlefish/anandhsp21/,
localhost,Request URL http://localhost/littlefish/littlefish/wp-content/themes/custom-theme/img/logo-small-grey.png,Referer http://localhost/littlefish/my-projects/,
localhost,Request URL http://localhost/littlefish/littlefish/wp-content/uploads/2018/10/logo.png,Referer http://localhost/littlefish/my-projects/,
localhost,Request URL http://localhost/littlefish/littlefish/wp-content/themes/custom-theme/img/logo-small-white.png,Referer http://localhost/littlefish/my-projects/,
localhost,Request URL http://localhost/littlefish/littlefish/wp-content/themes/custom-theme/img/logo-small-grey.png,Referer http://localhost/littlefish/my-projects/,
localhost,Request URL http://localhost/littlefish/littlefish/wp-content/themes/custom-theme/img/logo-small.png,Referer http://localhost/littlefish/my-projects/,
localhost,Request URL http://localhost/littlefish/littlefish/wp-content/uploads/2018/10/logo.png,Referer http://localhost/littlefish/my-projects/,
localhost,Request URL http://localhost/littlefish/littlefish/wp-content/uploads/2018/10/logo.png,Referer http://localhost/littlefish/my-projects/,
localhost,Request URL http://localhost/littlefish/littlefish/wp-content/themes/custom-theme/img/logo-small.png,Referer http://localhost/littlefish/my-projects/,
localhost,Request URL http://localhost/littlefish/littlefish/wp-content/themes/custom-theme/img/logo-small-grey.png,Referer http://localhost/littlefish/my-projects/,
localhost,Request URL http://localhost/littlefish/littlefish/wp-content/themes/custom-theme/img/logo-small-white.png,Referer http://localhost/littlefish/my-projects/,
localhost,Request URL http://localhost/littlefish/littlefish/wp-content/themes/custom-theme/img/logo-small.png,Referer http://localhost/littlefish/my-projects/,
localhost,Request URL http://localhost/littlefish/littlefish/wp-content/themes/custom-theme/img/logo-small-grey.png,Referer http://localhost/littlefish/my-projects/,
localhost,Request URL http://localhost/littlefish/littlefish/wp-content/uploads/2018/10/logo.png,Referer http://localhost/littlefish/my-projects/,
localhost,Request URL http://localhost/littlefish/littlefish/wp-content/themes/custom-theme/img/logo-small-white.png,Referer http://localhost/littlefish/my-projects/,
localhost,Request URL http://localhost/littlefish/littlefish/wp-content/themes/custom-theme/img/logo-small-white.png,Referer http://localhost/littlefish/my-projects/,
localhost,Request URL http://localhost/littlefish/littlefish/wp-content/themes/custom-theme/img/logo-small.png,Referer http://localhost/littlefish/my-projects/,
localhost,Request URL http://localhost/littlefish/littlefish/wp-content/themes/custom-theme/img/logo-small-grey.png,Referer http://localhost/littlefish/my-projects/,
localhost,Request URL http://localhost/littlefish/littlefish/wp-content/uploads/2018/10/logo.png,Referer http://localhost/littlefish/my-projects/,
localhost,Request URL http://localhost/littlefish/littlefish/wp-content/themes/custom-theme/img/logo-small.png,Referer http://localhost/littlefish/my-projects/,
localhost,Request URL http://localhost/littlefish/littlefish/wp-content/uploads/2018/10/logo.png,Referer http://localhost/littlefish/my-projects/,
localhost,Request URL http://localhost/littlefish/littlefish/wp-content/themes/custom-theme/img/logo-small-white.png,Referer http://localhost/littlefish/my-projects/,
localhost,Request URL http://localhost/littlefish/littlefish/wp-content/themes/custom-theme/img/logo-small-grey.png,Referer http://localhost/littlefish/my-projects/,
localhost,Request URL http://localhost/littlefish/littlefish/wp-content/uploads/2018/10/logo.png,Referer http://localhost/littlefish/my-projects/,
localhost,Request URL http://localhost/littlefish/littlefish/wp-content/themes/custom-theme/img/logo-small-grey.png,Referer http://localhost/littlefish/my-projects/,
localhost,Request URL http://localhost/littlefish/littlefish/wp-content/themes/custom-theme/img/logo-small.png,Referer http://localhost/littlefish/my-projects/,
localhost,Request URL http://localhost/littlefish/littlefish/wp-content/themes/custom-theme/img/logo-small-white.png,Referer http://localhost/littlefish/my-projects/,
localhost,Request URL http://localhost/littlefish/littlefish/wp-content/themes/custom-theme/img/logo-small-white.png,Referer http://localhost/littlefish/my-projects/,
localhost,Request URL http://localhost/littlefish/littlefish/wp-content/uploads/2018/10/logo.png,Referer http://localhost/littlefish/my-projects/,
localhost,Request URL http://localhost/littlefish/littlefish/wp-content/themes/custom-theme/img/logo-small-grey.png,Referer http://localhost/littlefish/my-projects/,
localhost,Request URL http://localhost/littlefish/littlefish/wp-content/themes/custom-theme/img/logo-small.png,Referer http://localhost/littlefish/my-projects/,
localhost,Request URL http://localhost/littlefish/littlefish/wp-content/themes/custom-theme/img/logo-small.png,Referer http://localhost/littlefish/my-projects/,
localhost,Request URL http://localhost/littlefish/littlefish/wp-content/themes/custom-theme/img/logo-small-white.png,Referer http://localhost/littlefish/my-projects/,
localhost,Request URL http://localhost/littlefish/littlefish/wp-content/uploads/2018/10/logo.png,Referer http://localhost/littlefish/my-projects/,
localhost,Request URL http://localhost/littlefish/littlefish/wp-content/themes/custom-theme/img/logo-small-grey.png,Referer http://localhost/littlefish/my-projects/,
localhost,Request URL http://localhost/littlefish/littlefish/wp-content/themes/custom-theme/img/logo-small-white.png,Referer http://localhost/littlefish/my-projects/,
localhost,Request URL http://localhost/littlefish/littlefish/wp-content/uploads/2018/10/logo.png,Referer http://localhost/littlefish/my-projects/,
localhost,Request URL http://localhost/littlefish/littlefish/wp-content/themes/custom-theme/img/logo-small-grey.png,Referer http://localhost/littlefish/my-projects/,
localhost,Request URL http://localhost/littlefish/littlefish/wp-content/themes/custom-theme/img/logo-small.png,Referer http://localhost/littlefish/my-projects/,
localhost,Request URL http://localhost/littlefish/littlefish/wp-content/themes/custom-theme/img/logo-small.png,Referer http://localhost/littlefish/my-projects/,
localhost,Request URL http://localhost/littlefish/littlefish/wp-content/themes/custom-theme/img/logo-small-grey.png,Referer http://localhost/littlefish/my-projects/,
localhost,Request URL http://localhost/littlefish/littlefish/wp-content/themes/custom-theme/img/logo-small-white.png,Referer http://localhost/littlefish/my-projects/,
localhost,Request URL http://localhost/littlefish/littlefish/wp-content/uploads/2018/10/logo.png,Referer http://localhost/littlefish/my-projects/,
localhost,Request URL http://localhost/littlefish/littlefish/wp-content/uploads/2018/10/logo.png,Referer http://localhost/littlefish/my-projects/,
localhost,Request URL http://localhost/littlefish/littlefish/wp-content/themes/custom-theme/img/logo-small-white.png,Referer http://localhost/littlefish/my-projects/,
localhost,Request URL http://localhost/littlefish/littlefish/wp-content/themes/custom-theme/img/logo-small.png,Referer http://localhost/littlefish/my-projects/,
localhost,Request URL http://localhost/littlefish/littlefish/wp-content/themes/custom-theme/img/logo-small-grey.png,Referer http://localhost/littlefish/my-projects/,
localhost,Request URL http://localhost/littlefish/littlefish/wp-content/uploads/2020/04/cropped-favicon-2-192x192.png,Referer ,
localhost,Request URL http://localhost/littlefish/littlefish/wp-content/uploads/2020/04/cropped-favicon-2-32x32.png,Referer ,
localhost,Request URL http://localhost/littlefish/littlefish/wp-content/themes/custom-theme/img/logo-small.png,Referer http://localhost/littlefish/my-projects/,
localhost,Request URL http://localhost/littlefish/littlefish/wp-content/uploads/2018/10/logo.png,Referer http://localhost/littlefish/my-projects/,
localhost,Request URL http://localhost/littlefish/littlefish/wp-content/themes/custom-theme/img/logo-small-white.png,Referer http://localhost/littlefish/my-projects/,
localhost,Request URL http://localhost/littlefish/littlefish/wp-content/themes/custom-theme/img/logo-small-grey.png,Referer http://localhost/littlefish/my-projects/,
localhost,Request URL http://localhost/littlefish/littlefish/wp-content/uploads/2018/10/logo.png,Referer http://localhost/littlefish/my-projects/,
localhost,Request URL http://localhost/littlefish/littlefish/wp-content/themes/custom-theme/img/logo-small-grey.png,Referer http://localhost/littlefish/my-projects/,
localhost,Request URL http://localhost/littlefish/littlefish/wp-content/themes/custom-theme/img/logo-small.png,Referer http://localhost/littlefish/my-projects/,
localhost,Request URL http://localhost/littlefish/littlefish/wp-content/themes/custom-theme/img/logo-small-white.png,Referer http://localhost/littlefish/my-projects/,
localhost,Request URL http://localhost/littlefish/littlefish/wp-content/uploads/2020/04/cropped-favicon-2-192x192.png,Referer ,
localhost,Request URL http://localhost/littlefish/littlefish/wp-content/uploads/2020/04/cropped-favicon-2-32x32.png,Referer ,
localhost,Request URL http://localhost/littlefish/littlefish/wp-content/themes/custom-theme/img/logo-small.png,Referer http://localhost/littlefish/my-projects/,
localhost,Request URL http://localhost/littlefish/littlefish/wp-content/themes/custom-theme/img/logo-small-grey.png,Referer http://localhost/littlefish/my-projects/,
localhost,Request URL http://localhost/littlefish/littlefish/wp-content/themes/custom-theme/img/logo-small-white.png,Referer http://localhost/littlefish/my-projects/,
localhost,Request URL http://localhost/littlefish/littlefish/wp-content/uploads/2018/10/logo.png,Referer http://localhost/littlefish/my-projects/,
localhost,Request URL http://localhost/littlefish/littlefish/wp-content/themes/custom-theme/img/logo-small.png,Referer http://localhost/littlefish/my-projects/,
localhost,Request URL http://localhost/littlefish/littlefish/wp-content/themes/custom-theme/img/logo-small-white.png,Referer http://localhost/littlefish/my-projects/,
localhost,Request URL http://localhost/littlefish/littlefish/wp-content/uploads/2018/10/logo.png,Referer http://localhost/littlefish/my-projects/,
localhost,Request URL http://localhost/littlefish/littlefish/wp-content/themes/custom-theme/img/logo-small-grey.png,Referer http://localhost/littlefish/my-projects/,
localhost,Request URL http://localhost/littlefish/littlefish/wp-content/uploads/2018/10/logo.png,Referer http://localhost/littlefish/my-projects/,
localhost,Request URL http://localhost/littlefish/littlefish/wp-content/themes/custom-theme/img/logo-small.png,Referer http://localhost/littlefish/my-projects/,
localhost,Request URL http://localhost/littlefish/littlefish/wp-content/themes/custom-theme/img/logo-small-white.png,Referer http://localhost/littlefish/my-projects/,
localhost,Request URL http://localhost/littlefish/littlefish/wp-content/themes/custom-theme/img/logo-small-grey.png,Referer http://localhost/littlefish/my-projects/,
localhost,Request URL http://localhost/littlefish/littlefish/wp-content/themes/custom-theme/img/logo-small-grey.png,Referer http://localhost/littlefish/my-projects/,
localhost,Request URL http://localhost/littlefish/littlefish/wp-content/themes/custom-theme/img/logo-small-white.png,Referer http://localhost/littlefish/my-projects/,
localhost,Request URL http://localhost/littlefish/littlefish/wp-content/uploads/2018/10/logo.png,Referer http://localhost/littlefish/my-projects/,
localhost,Request URL http://localhost/littlefish/littlefish/wp-content/themes/custom-theme/img/logo-small.png,Referer http://localhost/littlefish/my-projects/,
localhost,Request URL http://localhost/littlefish/littlefish/wp-content/themes/custom-theme/img/logo-small.png,Referer http://localhost/littlefish/anandhsp21/,
localhost,Request URL http://localhost/littlefish/littlefish/wp-content/uploads/2018/10/logo.png,Referer http://localhost/littlefish/anandhsp21/,
localhost,Request URL http://localhost/littlefish/littlefish/wp-content/themes/custom-theme/img/logo-small-white.png,Referer http://localhost/littlefish/anandhsp21/,
localhost,Request URL http://localhost/littlefish/littlefish/wp-content/themes/custom-theme/img/logo-small-grey.png,Referer http://localhost/littlefish/anandhsp21/,
localhost,Request URL http://localhost/littlefish/littlefish/wp-content/themes/custom-theme/img/logo-small.png,Referer http://localhost/littlefish/anandhsp21/,
localhost,Request URL http://localhost/littlefish/littlefish/wp-content/uploads/2018/10/step-by-ste-instructions.png,Referer http://localhost/littlefish/wp-admin/admin.php?page=testsettings,
localhost,Request URL http://localhost/littlefish/littlefish/wp-content/uploads/2020/04/cropped-favicon-2-32x32.png,Referer ,
localhost,Request URL http://localhost/littlefish/littlefish/wp-content/uploads/2020/04/cropped-favicon-2-192x192.png,Referer ,
localhost,Request URL http://localhost/littlefish/littlefish/wp-content/themes/custom-theme/img/logo-small-grey.png,Referer http://localhost/littlefish/my-projects/,
localhost,Request URL http://localhost/littlefish/littlefish/wp-content/uploads/2018/10/logo.png,Referer http://localhost/littlefish/my-projects/,
localhost,Request URL http://localhost/littlefish/littlefish/wp-content/themes/custom-theme/img/logo-small.png,Referer http://localhost/littlefish/my-projects/,
localhost,Request URL http://localhost/littlefish/littlefish/wp-content/themes/custom-theme/img/logo-small-white.png,Referer http://localhost/littlefish/my-projects/,
localhost,Request URL http://localhost/littlefish/littlefish/wp-content/themes/custom-theme/img/logo-small-white.png,Referer http://localhost/littlefish/anandhsp21/,
localhost,Request URL http://localhost/littlefish/littlefish/wp-content/uploads/2018/10/logo.png,Referer http://localhost/littlefish/anandhsp21/,
localhost,Request URL http://localhost/littlefish/littlefish/wp-content/themes/custom-theme/img/logo-small.png,Referer http://localhost/littlefish/anandhsp21/,
localhost,Request URL http://localhost/littlefish/littlefish/wp-content/uploads/2018/10/logo.png,Referer http://localhost/littlefish/anandhsp21/,
localhost,Request URL http://localhost/littlefish/littlefish/wp-content/themes/custom-theme/img/logo-small.png,Referer http://localhost/littlefish/anandhsp21/,
localhost,Request URL http://localhost/littlefish/littlefish/wp-content/themes/custom-theme/img/logo-small-white.png,Referer http://localhost/littlefish/anandhsp21/,
localhost,Request URL http://localhost/littlefish/littlefish/wp-content/uploads/2018/10/logo.png,Referer http://localhost/littlefish/anandhsp21/,
localhost,Request URL http://localhost/littlefish/littlefish/wp-content/themes/custom-theme/img/logo-small.png,Referer http://localhost/littlefish/anandhsp21/,
localhost,Request URL http://localhost/littlefish/littlefish/wp-content/themes/custom-theme/img/logo-small-white.png,Referer http://localhost/littlefish/anandhsp21/,
localhost,Request URL http://localhost/littlefish/littlefish/wp-content/themes/custom-theme/img/logo-small-grey.png,Referer http://localhost/littlefish/anandhsp21/,
localhost,Request URL http://localhost/littlefish/littlefish/wp-content/themes/custom-theme/img/logo-small.png,Referer http://localhost/littlefish/anandhsp21/,
localhost,Request URL http://localhost/littlefish/littlefish/wp-content/themes/custom-theme/img/logo-small-grey.png,Referer http://localhost/littlefish/anandhsp21/,
localhost,Request URL http://localhost/littlefish/littlefish/wp-content/themes/custom-theme/img/logo-small-white.png,Referer http://localhost/littlefish/anandhsp21/,
localhost,Request URL http://localhost/littlefish/littlefish/wp-content/uploads/2018/10/logo.png,Referer http://localhost/littlefish/anandhsp21/,
localhost,Request URL http://localhost/littlefish/littlefish/wp-content/themes/custom-theme/img/logo-small-white.png,Referer http://localhost/littlefish/anandhsp21/,
localhost,Request URL http://localhost/littlefish/littlefish/wp-content/uploads/2018/10/logo.png,Referer http://localhost/littlefish/anandhsp21/,
localhost,Request URL http://localhost/littlefish/littlefish/wp-content/themes/custom-theme/img/logo-small-grey.png,Referer http://localhost/littlefish/anandhsp21/,
localhost,Request URL http://localhost/littlefish/littlefish/wp-content/themes/custom-theme/img/logo-small.png,Referer http://localhost/littlefish/anandhsp21/,
localhost,Request URL http://localhost/littlefish/littlefish/wp-content/uploads/2018/10/logo.png,Referer http://localhost/littlefish/anandhsp21/,
localhost,Request URL http://localhost/littlefish/littlefish/wp-content/themes/custom-theme/img/logo-small-white.png,Referer http://localhost/littlefish/anandhsp21/,
localhost,Request URL http://localhost/littlefish/littlefish/wp-content/themes/custom-theme/img/logo-small-grey.png,Referer http://localhost/littlefish/anandhsp21/,
localhost,Request URL http://localhost/littlefish/littlefish/wp-content/themes/custom-theme/img/logo-small.png,Referer http://localhost/littlefish/anandhsp21/,
localhost,Request URL http://localhost/littlefish/littlefish/wp-content/uploads/2018/10/logo.png,Referer http://localhost/littlefish/anandhsp21/,
localhost,Request URL http://localhost/littlefish/littlefish/wp-content/themes/custom-theme/img/logo-small-white.png,Referer http://localhost/littlefish/anandhsp21/,
localhost,Request URL http://localhost/littlefish/littlefish/wp-content/themes/custom-theme/img/logo-small.png,Referer http://localhost/littlefish/anandhsp21/,
localhost,Request URL http://localhost/littlefish/littlefish/wp-content/themes/custom-theme/img/logo-small-grey.png,Referer http://localhost/littlefish/anandhsp21/,
localhost,Request URL http://localhost/littlefish/littlefish/wp-content/themes/custom-theme/img/logo-small.png,Referer http://localhost/littlefish/anandhsp21/,
localhost,Request URL http://localhost/littlefish/littlefish/wp-content/themes/custom-theme/img/logo-small-white.png,Referer http://localhost/littlefish/anandhsp21/,
localhost,Request URL http://localhost/littlefish/littlefish/wp-content/themes/custom-theme/img/logo-small-grey.png,Referer http://localhost/littlefish/anandhsp21/,
localhost,Request URL http://localhost/littlefish/littlefish/wp-content/uploads/2018/10/logo.png,Referer http://localhost/littlefish/anandhsp21/,
localhost,Request URL http://localhost/littlefish/littlefish/wp-content/uploads/2018/10/logo.png,Referer http://localhost/littlefish/anandhsp21/,
localhost,Request URL http://localhost/littlefish/littlefish/wp-content/themes/custom-theme/img/logo-small-grey.png,Referer http://localhost/littlefish/anandhsp21/,
localhost,Request URL http://localhost/littlefish/littlefish/wp-content/themes/custom-theme/img/logo-small-white.png,Referer http://localhost/littlefish/anandhsp21/,
localhost,Request URL http://localhost/littlefish/littlefish/wp-content/themes/custom-theme/img/logo-small.png,Referer http://localhost/littlefish/anandhsp21/,
localhost,Request URL http://localhost/littlefish/littlefish/wp-content/themes/custom-theme/img/logo-small-grey.png,Referer http://localhost/littlefish/anandhsp21/,
localhost,Request URL http://localhost/littlefish/littlefish/wp-content/themes/custom-theme/img/logo-small-white.png,Referer http://localhost/littlefish/anandhsp21/,
localhost,Request URL http://localhost/littlefish/littlefish/wp-content/themes/custom-theme/img/logo-small.png,Referer http://localhost/littlefish/anandhsp21/,
localhost,Request URL http://localhost/littlefish/littlefish/wp-content/uploads/2018/10/logo.png,Referer http://localhost/littlefish/anandhsp21/,
localhost,Request URL http://localhost/littlefish/littlefish/wp-content/themes/custom-theme/img/logo-small-grey.png,Referer http://localhost/littlefish/anandhsp21/,
localhost,Request URL http://localhost/littlefish/littlefish/wp-content/themes/custom-theme/img/logo-small-white.png,Referer http://localhost/littlefish/anandhsp21/,
localhost,Request URL http://localhost/littlefish/littlefish/wp-content/uploads/2018/10/logo.png,Referer http://localhost/littlefish/anandhsp21/,
localhost,Request URL http://localhost/littlefish/littlefish/wp-content/themes/custom-theme/img/logo-small.png,Referer http://localhost/littlefish/anandhsp21/,
localhost,Request URL http://localhost/littlefish/littlefish/wp-content/uploads/2018/10/logo.png,Referer http://localhost/littlefish/anandhsp21/,
localhost,Request URL http://localhost/littlefish/littlefish/wp-content/themes/custom-theme/img/logo-small.png,Referer http://localhost/littlefish/anandhsp21/,
localhost,Request URL http://localhost/littlefish/littlefish/wp-content/themes/custom-theme/img/logo-small-white.png,Referer http://localhost/littlefish/anandhsp21/,
localhost,Request URL http://localhost/littlefish/littlefish/wp-content/themes/custom-theme/img/logo-small-grey.png,Referer http://localhost/littlefish/anandhsp21/,
localhost,Request URL http://localhost/littlefish/littlefish/wp-content/themes/custom-theme/img/logo-small.png,Referer http://localhost/littlefish/anandhsp21/,
localhost,Request URL http://localhost/littlefish/littlefish/wp-content/themes/custom-theme/img/logo-small-white.png,Referer http://localhost/littlefish/anandhsp21/,
localhost,Request URL http://localhost/littlefish/littlefish/wp-content/themes/custom-theme/img/logo-small-grey.png,Referer http://localhost/littlefish/anandhsp21/,
localhost,Request URL http://localhost/littlefish/littlefish/wp-content/uploads/2018/10/logo.png,Referer http://localhost/littlefish/anandhsp21/,
localhost,Request URL http://localhost/littlefish/littlefish/wp-content/uploads/2020/04/cropped-favicon-2-192x192.png,Referer ,
localhost,Request URL http://localhost/littlefish/littlefish/wp-content/uploads/2020/04/cropped-favicon-2-32x32.png,Referer ,
localhost,Request URL http://localhost/littlefish/littlefish/wp-content/themes/custom-theme/img/logo-small.png,Referer http://localhost/littlefish/anandhsp21/,
localhost,Request URL http://localhost/littlefish/littlefish/wp-content/themes/custom-theme/img/logo-small-white.png,Referer http://localhost/littlefish/anandhsp21/,
localhost,Request URL http://localhost/littlefish/littlefish/wp-content/uploads/2018/10/logo.png,Referer http://localhost/littlefish/anandhsp21/,
localhost,Request URL http://localhost/littlefish/littlefish/wp-content/themes/custom-theme/img/logo-small-grey.png,Referer http://localhost/littlefish/anandhsp21/,
localhost,Request URL http://localhost/littlefish/littlefish/wp-content/themes/custom-theme/img/logo-small-white.png,Referer http://localhost/littlefish/anandhsp21/,
localhost,Request URL http://localhost/littlefish/littlefish/wp-content/themes/custom-theme/img/logo-small.png,Referer http://localhost/littlefish/anandhsp21/,
localhost,Request URL http://localhost/littlefish/littlefish/wp-content/uploads/2018/10/logo.png,Referer http://localhost/littlefish/anandhsp21/,
localhost,Request URL http://localhost/littlefish/littlefish/wp-content/themes/custom-theme/img/logo-small-grey.png,Referer http://localhost/littlefish/anandhsp21/,
localhost,Request URL http://localhost/littlefish/littlefish/wp-content/themes/custom-theme/img/logo-small-grey.png,Referer http://localhost/littlefish/anandhsp21/,
localhost,Request URL http://localhost/littlefish/littlefish/wp-content/uploads/2018/10/logo.png,Referer http://localhost/littlefish/anandhsp21/,
localhost,Request URL http://localhost/littlefish/littlefish/wp-content/themes/custom-theme/img/logo-small.png,Referer http://localhost/littlefish/anandhsp21/,
localhost,Request URL http://localhost/littlefish/littlefish/wp-content/themes/custom-theme/img/logo-small-white.png,Referer http://localhost/littlefish/anandhsp21/,
localhost,Request URL http://localhost/littlefish/littlefish/wp-content/themes/custom-theme/img/logo-small-white.png,Referer http://localhost/littlefish/xero-connect/,
localhost,Request URL http://localhost/littlefish/littlefish/wp-content/uploads/2018/10/logo.png,Referer http://localhost/littlefish/xero-connect/,
localhost,Request URL http://localhost/littlefish/littlefish/wp-content/themes/custom-theme/img/logo-small.png,Referer http://localhost/littlefish/xero-connect/,
localhost,Request URL http://localhost/littlefish/littlefish/wp-content/themes/custom-theme/img/logo-small-grey.png,Referer http://localhost/littlefish/xero-connect/,
localhost,Request URL http://localhost/littlefish/littlefish/wp-content/themes/custom-theme/img/logo-small.png,Referer http://localhost/littlefish/xero-connect/,
localhost,Request URL http://localhost/littlefish/littlefish/wp-content/uploads/2018/10/logo.png,Referer http://localhost/littlefish/xero-connect/,
localhost,Request URL http://localhost/littlefish/littlefish/wp-content/themes/custom-theme/img/logo-small-white.png,Referer http://localhost/littlefish/xero-connect/,
localhost,Request URL http://localhost/littlefish/littlefish/wp-content/themes/custom-theme/img/logo-small-grey.png,Referer http://localhost/littlefish/xero-connect/,
localhost,Request URL http://localhost/littlefish/littlefish/wp-content/themes/custom-theme/img/logo-small-grey.png,Referer http://localhost/littlefish/xero-callback/?code=1f108a2f2293e32df08390f74ce6c185ebda48d9ee92d070ad62e7f6800e9920&scope=openid%20profile%20email%20files%20accounting.transactions%20accounting.transactions.read%20accounting.reports.read%20accounting.journals.read%20accounting.settings%20accounting.settings.read%20accounting.contacts%20accounting.contacts.read%20accounting.attachments%20accounting.attachments.read&session_state=Hcp9-HUK2BxRK7E-0jU_3Tw8Cn-ZDH2_GNxPvZkH1vA.ee5de4217a35c041dd6cee5efc30979c,
localhost,Request URL http://localhost/littlefish/littlefish/wp-content/uploads/2018/10/logo.png,Referer http://localhost/littlefish/xero-callback/?code=1f108a2f2293e32df08390f74ce6c185ebda48d9ee92d070ad62e7f6800e9920&scope=openid%20profile%20email%20files%20accounting.transactions%20accounting.transactions.read%20accounting.reports.read%20accounting.journals.read%20accounting.settings%20accounting.settings.read%20accounting.contacts%20accounting.contacts.read%20accounting.attachments%20accounting.attachments.read&session_state=Hcp9-HUK2BxRK7E-0jU_3Tw8Cn-ZDH2_GNxPvZkH1vA.ee5de4217a35c041dd6cee5efc30979c,
localhost,Request URL http://localhost/littlefish/littlefish/wp-content/themes/custom-theme/img/logo-small-white.png,Referer http://localhost/littlefish/xero-callback/?code=1f108a2f2293e32df08390f74ce6c185ebda48d9ee92d070ad62e7f6800e9920&scope=openid%20profile%20email%20files%20accounting.transactions%20accounting.transactions.read%20accounting.reports.read%20accounting.journals.read%20accounting.settings%20accounting.settings.read%20accounting.contacts%20accounting.contacts.read%20accounting.attachments%20accounting.attachments.read&session_state=Hcp9-HUK2BxRK7E-0jU_3Tw8Cn-ZDH2_GNxPvZkH1vA.ee5de4217a35c041dd6cee5efc30979c,
localhost,Request URL http://localhost/littlefish/littlefish/wp-content/themes/custom-theme/img/logo-small.png,Referer http://localhost/littlefish/xero-callback/?code=1f108a2f2293e32df08390f74ce6c185ebda48d9ee92d070ad62e7f6800e9920&scope=openid%20profile%20email%20files%20accounting.transactions%20accounting.transactions.read%20accounting.reports.read%20accounting.journals.read%20accounting.settings%20accounting.settings.read%20accounting.contacts%20accounting.contacts.read%20accounting.attachments%20accounting.attachments.read&session_state=Hcp9-HUK2BxRK7E-0jU_3Tw8Cn-ZDH2_GNxPvZkH1vA.ee5de4217a35c041dd6cee5efc30979c,
localhost,Request URL http://localhost/littlefish/littlefish/wp-content/themes/custom-theme/img/logo-small.png,Referer http://localhost/littlefish/xero-connect/,
localhost,Request URL http://localhost/littlefish/littlefish/wp-content/themes/custom-theme/img/logo-small-white.png,Referer http://localhost/littlefish/xero-connect/,
localhost,Request URL http://localhost/littlefish/littlefish/wp-content/uploads/2018/10/logo.png,Referer http://localhost/littlefish/xero-connect/,
localhost,Request URL http://localhost/littlefish/littlefish/wp-content/themes/custom-theme/img/logo-small-grey.png,Referer http://localhost/littlefish/xero-connect/,
