localhost,Request URL http://localhost/littlefish/littlefish/wp-content/themes/custom-theme/img/logo-small-grey.png,Referer http://localhost/littlefish/my-projects/,
localhost,Request URL http://localhost/littlefish/littlefish/wp-content/uploads/2018/10/logo.png,Referer http://localhost/littlefish/my-projects/,
localhost,Request URL http://localhost/littlefish/littlefish/wp-content/themes/custom-theme/img/logo-small-white.png,Referer http://localhost/littlefish/my-projects/,
localhost,Request URL http://localhost/littlefish/littlefish/wp-content/themes/custom-theme/img/logo-small.png,Referer http://localhost/littlefish/my-projects/,
localhost,Request URL http://localhost/littlefish/littlefish/wp-content/themes/custom-theme/fonts/ITCAvantGardeStd-Bk.woff,Referer http://localhost/littlefish/wp-content/themes/custom-theme/style.css?ver=1.0.1,
localhost,Request URL http://localhost/littlefish/littlefish/wp-content/uploads/2018/05/background-image-7.png,Referer http://localhost/littlefish/my-projects/,
localhost,Request URL http://localhost/littlefish/littlefish/wp-content/themes/custom-theme/fonts/ITCAvantGardeStd-Md.woff,Referer http://localhost/littlefish/wp-content/themes/custom-theme/style.css?ver=1.0.1,
localhost,Request URL http://localhost/littlefish/littlefish/wp-content/themes/custom-theme/fonts/ITCAvantGardeStd-Bk.woff2,Referer http://localhost/littlefish/wp-content/themes/custom-theme/style.css?ver=1.0.1,
localhost,Request URL http://localhost/littlefish/littlefish/wp-content/themes/custom-theme/fonts/ITCAvantGardeStd-Md.woff2,Referer http://localhost/littlefish/wp-content/themes/custom-theme/style.css?ver=1.0.1,
localhost,Request URL http://localhost/littlefish/littlefish/wp-content/themes/custom-theme/fonts/ITCAvantGardeStd-Bk.woff,Referer http://localhost/littlefish/wp-content/themes/custom-theme/style.css?ver=1.0.1,
localhost,Request URL http://localhost/littlefish/littlefish/wp-content/themes/custom-theme/fonts/ITCAvantGardeStd-Md.woff,Referer http://localhost/littlefish/wp-content/themes/custom-theme/style.css?ver=1.0.1,
localhost,Request URL http://localhost/littlefish/littlefish/wp-content/themes/custom-theme/fonts/ITCAvantGardeStd-Bk.woff2,Referer http://localhost/littlefish/wp-content/themes/custom-theme/style.css?ver=1.0.1,
localhost,Request URL http://localhost/littlefish/littlefish/wp-content/themes/custom-theme/fonts/ITCAvantGardeStd-Md.woff2,Referer http://localhost/littlefish/wp-content/themes/custom-theme/style.css?ver=1.0.1,
localhost,Request URL http://localhost/littlefish/littlefish/wp-content/uploads/2018/05/background-image-7-150x150.png,Referer http://localhost/littlefish/wp-admin/post.php?post=148&action=edit&classic-editor,
localhost,Request URL http://localhost/littlefish/littlefish/wp-content/uploads/2020/04/cropped-favicon-2.png,Referer http://localhost/littlefish/wp-admin/post.php?post=148&action=edit&classic-editor,
localhost,Request URL http://localhost/littlefish/littlefish/wp-content/themes/custom-theme/img/logo-small.png,Referer http://localhost/littlefish/65-leicester-avenue-2/,
localhost,Request URL http://localhost/littlefish/littlefish/wp-content/themes/custom-theme/img/logo-small-grey.png,Referer http://localhost/littlefish/65-leicester-avenue-2/,
localhost,Request URL http://localhost/littlefish/littlefish/wp-content/themes/custom-theme/img/logo-small-white.png,Referer http://localhost/littlefish/65-leicester-avenue-2/,
localhost,Request URL http://localhost/littlefish/littlefish/wp-content/uploads/2018/10/logo.png,Referer http://localhost/littlefish/65-leicester-avenue-2/,
localhost,Request URL http://localhost/littlefish/littlefish/wp-content/themes/custom-theme/fonts/ITCAvantGardeStd-Bk.woff,Referer http://localhost/littlefish/wp-content/themes/custom-theme/style.css?ver=1.0.1,
localhost,Request URL http://localhost/littlefish/littlefish/wp-content/themes/custom-theme/fonts/ITCAvantGardeStd-Md.woff,Referer http://localhost/littlefish/wp-content/themes/custom-theme/style.css?ver=1.0.1,
localhost,Request URL http://localhost/littlefish/littlefish/wp-content/uploads/2018/10/logo.png,Referer http://localhost/littlefish/65-leicester-avenue-2/,
localhost,Request URL http://localhost/littlefish/littlefish/wp-content/themes/custom-theme/fonts/ITCAvantGardeStd-Md.woff2,Referer http://localhost/littlefish/wp-content/themes/custom-theme/style.css?ver=1.0.1,
localhost,Request URL http://localhost/littlefish/littlefish/wp-content/themes/custom-theme/fonts/ITCAvantGardeStd-Md.woff,Referer http://localhost/littlefish/wp-content/themes/custom-theme/style.css?ver=1.0.1,
localhost,Request URL http://localhost/littlefish/littlefish/wp-content/uploads/2018/05/background-image-7.png,Referer http://localhost/littlefish/my-projects/,
localhost,Request URL http://localhost/littlefish/littlefish/wp-content/uploads/2020/04/cropped-favicon-2-32x32.png,Referer ,
localhost,Request URL http://localhost/littlefish/littlefish/wp-content/themes/custom-theme/fonts/ITCAvantGardeStd-Bk.woff,Referer http://localhost/littlefish/wp-content/themes/custom-theme/style.css?ver=1.0.1,
localhost,Request URL http://localhost/littlefish/littlefish/wp-content/uploads/2020/04/cropped-favicon-2-192x192.png,Referer ,
localhost,Request URL http://localhost/littlefish/littlefish/wp-content/themes/custom-theme/fonts/ITCAvantGardeStd-Bk.woff2,Referer http://localhost/littlefish/wp-content/themes/custom-theme/style.css?ver=1.0.1,
localhost,Request URL http://localhost/littlefish/littlefish/wp-content/uploads/2018/10/logo.png,Referer http://localhost/littlefish/my-projects/,
localhost,Request URL http://localhost/littlefish/littlefish/wp-content/themes/custom-theme/img/logo-small-grey.png,Referer http://localhost/littlefish/my-projects/,
localhost,Request URL http://localhost/littlefish/littlefish/wp-content/themes/custom-theme/img/logo-small.png,Referer http://localhost/littlefish/my-projects/,
localhost,Request URL http://localhost/littlefish/littlefish/wp-content/themes/custom-theme/img/logo-small-white.png,Referer http://localhost/littlefish/my-projects/,
localhost,Request URL http://localhost/littlefish/littlefish/wp-content/themes/custom-theme/fonts/ITCAvantGardeStd-Bk.woff,Referer http://localhost/littlefish/wp-content/themes/custom-theme/style.css?ver=1.0.1,
localhost,Request URL http://localhost/littlefish/littlefish/wp-content/uploads/2018/05/background-image-7.png,Referer http://localhost/littlefish/my-projects/,
localhost,Request URL http://localhost/littlefish/littlefish/wp-content/themes/custom-theme/fonts/ITCAvantGardeStd-Md.woff,Referer http://localhost/littlefish/wp-content/themes/custom-theme/style.css?ver=1.0.1,
localhost,Request URL http://localhost/littlefish/littlefish/wp-content/themes/custom-theme/fonts/ITCAvantGardeStd-Bk.woff2,Referer http://localhost/littlefish/wp-content/themes/custom-theme/style.css?ver=1.0.1,
localhost,Request URL http://localhost/littlefish/littlefish/wp-content/themes/custom-theme/fonts/ITCAvantGardeStd-Md.woff2,Referer http://localhost/littlefish/wp-content/themes/custom-theme/style.css?ver=1.0.1,
localhost,Request URL http://localhost/littlefish/littlefish/wp-content/themes/custom-theme/img/logo-small-white.png,Referer http://localhost/littlefish/my-projects/,
localhost,Request URL http://localhost/littlefish/littlefish/wp-content/themes/custom-theme/img/logo-small-grey.png,Referer http://localhost/littlefish/my-projects/,
localhost,Request URL http://localhost/littlefish/littlefish/wp-content/uploads/2018/05/background-image-7.png,Referer http://localhost/littlefish/my-projects/,
localhost,Request URL http://localhost/littlefish/littlefish/wp-content/themes/custom-theme/img/logo-small.png,Referer http://localhost/littlefish/my-projects/,
localhost,Request URL http://localhost/littlefish/littlefish/wp-content/uploads/2018/10/logo.png,Referer http://localhost/littlefish/my-projects/,
localhost,Request URL http://localhost/littlefish/littlefish/wp-content/themes/custom-theme/fonts/ITCAvantGardeStd-Bk.woff,Referer http://localhost/littlefish/wp-content/themes/custom-theme/style.css?ver=1.0.1,
localhost,Request URL http://localhost/littlefish/littlefish/wp-content/themes/custom-theme/fonts/ITCAvantGardeStd-Md.woff,Referer http://localhost/littlefish/wp-content/themes/custom-theme/style.css?ver=1.0.1,
localhost,Request URL http://localhost/littlefish/littlefish/wp-content/themes/custom-theme/fonts/ITCAvantGardeStd-Bk.woff2,Referer http://localhost/littlefish/wp-content/themes/custom-theme/style.css?ver=1.0.1,
localhost,Request URL http://localhost/littlefish/littlefish/wp-content/themes/custom-theme/fonts/ITCAvantGardeStd-Md.woff2,Referer http://localhost/littlefish/wp-content/themes/custom-theme/style.css?ver=1.0.1,
localhost,Request URL http://localhost/littlefish/littlefish/wp-content/themes/custom-theme/img/logo-small.png,Referer http://localhost/littlefish/my-projects/,
localhost,Request URL http://localhost/littlefish/littlefish/wp-content/themes/custom-theme/img/logo-small-grey.png,Referer http://localhost/littlefish/my-projects/,
localhost,Request URL http://localhost/littlefish/littlefish/wp-content/uploads/2018/10/logo.png,Referer http://localhost/littlefish/my-projects/,
localhost,Request URL http://localhost/littlefish/littlefish/wp-content/themes/custom-theme/img/logo-small-white.png,Referer http://localhost/littlefish/my-projects/,
localhost,Request URL http://localhost/littlefish/littlefish/wp-content/uploads/2018/05/background-image-7.png,Referer http://localhost/littlefish/my-projects/,
localhost,Request URL http://localhost/littlefish/littlefish/wp-content/themes/custom-theme/fonts/ITCAvantGardeStd-Bk.woff,Referer http://localhost/littlefish/wp-content/themes/custom-theme/style.css?ver=1.0.1,
localhost,Request URL http://localhost/littlefish/littlefish/wp-content/themes/custom-theme/fonts/ITCAvantGardeStd-Md.woff,Referer http://localhost/littlefish/wp-content/themes/custom-theme/style.css?ver=1.0.1,
localhost,Request URL http://localhost/littlefish/littlefish/wp-content/themes/custom-theme/fonts/ITCAvantGardeStd-Bk.woff2,Referer http://localhost/littlefish/wp-content/themes/custom-theme/style.css?ver=1.0.1,
localhost,Request URL http://localhost/littlefish/littlefish/wp-content/themes/custom-theme/fonts/ITCAvantGardeStd-Md.woff2,Referer http://localhost/littlefish/wp-content/themes/custom-theme/style.css?ver=1.0.1,
localhost,Request URL http://localhost/littlefish/littlefish/wp-content/themes/custom-theme/img/logo-small-white.png,Referer http://localhost/littlefish/65-leicester-avenue-2/,
localhost,Request URL http://localhost/littlefish/littlefish/wp-content/themes/custom-theme/img/logo-small-grey.png,Referer http://localhost/littlefish/65-leicester-avenue-2/,
localhost,Request URL http://localhost/littlefish/littlefish/wp-content/themes/custom-theme/img/logo-small.png,Referer http://localhost/littlefish/65-leicester-avenue-2/,
localhost,Request URL http://localhost/littlefish/littlefish/wp-content/uploads/2018/10/logo.png,Referer http://localhost/littlefish/65-leicester-avenue-2/,
localhost,Request URL http://localhost/littlefish/littlefish/wp-content/themes/custom-theme/fonts/ITCAvantGardeStd-Md.woff,Referer http://localhost/littlefish/wp-content/themes/custom-theme/style.css?ver=1.0.1,
localhost,Request URL http://localhost/littlefish/littlefish/wp-content/themes/custom-theme/fonts/ITCAvantGardeStd-Bk.woff,Referer http://localhost/littlefish/wp-content/themes/custom-theme/style.css?ver=1.0.1,
localhost,Request URL http://localhost/littlefish/littlefish/wp-content/themes/custom-theme/fonts/ITCAvantGardeStd-Md.woff2,Referer http://localhost/littlefish/wp-content/themes/custom-theme/style.css?ver=1.0.1,
localhost,Request URL http://localhost/littlefish/littlefish/wp-content/themes/custom-theme/fonts/ITCAvantGardeStd-Bk.woff2,Referer http://localhost/littlefish/wp-content/themes/custom-theme/style.css?ver=1.0.1,
localhost,Request URL http://localhost/littlefish/littlefish/wp-content/themes/custom-theme/fonts/ITCAvantGardeStd-Bk.woff,Referer http://localhost/littlefish/wp-content/themes/custom-theme/style.css?ver=1.0.1,
localhost,Request URL http://localhost/littlefish/littlefish/wp-content/themes/custom-theme/fonts/ITCAvantGardeStd-Md.woff,Referer http://localhost/littlefish/wp-content/themes/custom-theme/style.css?ver=1.0.1,
localhost,Request URL http://localhost/littlefish/littlefish/wp-content/uploads/2018/10/logo.png,Referer http://localhost/littlefish/65-leicester-avenue-2/,
localhost,Request URL http://localhost/littlefish/littlefish/wp-content/themes/custom-theme/img/logo-small.png,Referer http://localhost/littlefish/65-leicester-avenue-2/,
localhost,Request URL http://localhost/littlefish/littlefish/wp-content/uploads/2020/04/cropped-favicon-2-192x192.png,Referer ,
localhost,Request URL http://localhost/littlefish/littlefish/wp-content/uploads/2020/04/cropped-favicon-2-32x32.png,Referer ,
localhost,Request URL http://localhost/littlefish/littlefish/wp-content/themes/custom-theme/img/logo-small-white.png,Referer http://localhost/littlefish/65-leicester-avenue-2/,
localhost,Request URL http://localhost/littlefish/littlefish/wp-content/themes/custom-theme/fonts/ITCAvantGardeStd-Bk.woff2,Referer http://localhost/littlefish/wp-content/themes/custom-theme/style.css?ver=1.0.1,
localhost,Request URL http://localhost/littlefish/littlefish/wp-content/themes/custom-theme/fonts/ITCAvantGardeStd-Md.woff2,Referer http://localhost/littlefish/wp-content/themes/custom-theme/style.css?ver=1.0.1,
localhost,Request URL http://localhost/littlefish/littlefish/wp-content/themes/custom-theme/img/logo-small-grey.png,Referer http://localhost/littlefish/65-leicester-avenue-2/,
localhost,Request URL http://localhost/littlefish/littlefish/wp-content/uploads/2018/10/logo.png,Referer http://localhost/littlefish/65-leicester-avenue-2/,
localhost,Request URL http://localhost/littlefish/littlefish/wp-content/themes/custom-theme/img/logo-small-grey.png,Referer http://localhost/littlefish/65-leicester-avenue-2/,
localhost,Request URL http://localhost/littlefish/littlefish/wp-content/themes/custom-theme/img/logo-small-white.png,Referer http://localhost/littlefish/65-leicester-avenue-2/,
localhost,Request URL http://localhost/littlefish/littlefish/wp-content/themes/custom-theme/img/logo-small.png,Referer http://localhost/littlefish/65-leicester-avenue-2/,
localhost,Request URL http://localhost/littlefish/littlefish/wp-content/themes/custom-theme/fonts/ITCAvantGardeStd-Bk.woff,Referer http://localhost/littlefish/wp-content/themes/custom-theme/style.css?ver=1.0.1,
localhost,Request URL http://localhost/littlefish/littlefish/wp-content/themes/custom-theme/fonts/ITCAvantGardeStd-Md.woff,Referer http://localhost/littlefish/wp-content/themes/custom-theme/style.css?ver=1.0.1,
localhost,Request URL http://localhost/littlefish/littlefish/wp-content/themes/custom-theme/fonts/ITCAvantGardeStd-Bk.woff,Referer http://localhost/littlefish/wp-content/themes/custom-theme/style.css?ver=1.0.1,
localhost,Request URL http://localhost/littlefish/littlefish/wp-content/themes/custom-theme/fonts/ITCAvantGardeStd-Md.woff,Referer http://localhost/littlefish/wp-content/themes/custom-theme/style.css?ver=1.0.1,
localhost,Request URL http://localhost/littlefish/littlefish/wp-content/themes/custom-theme/fonts/ITCAvantGardeStd-Bk.woff2,Referer http://localhost/littlefish/wp-content/themes/custom-theme/style.css?ver=1.0.1,
localhost,Request URL http://localhost/littlefish/littlefish/wp-content/themes/custom-theme/fonts/ITCAvantGardeStd-Md.woff2,Referer http://localhost/littlefish/wp-content/themes/custom-theme/style.css?ver=1.0.1,
localhost,Request URL http://localhost/littlefish/littlefish/wp-content/themes/custom-theme/img/logo-small-white.png,Referer http://localhost/littlefish/65-leicester-avenue-2/,
localhost,Request URL http://localhost/littlefish/littlefish/wp-content/uploads/2018/10/logo.png,Referer http://localhost/littlefish/65-leicester-avenue-2/,
localhost,Request URL http://localhost/littlefish/littlefish/wp-content/themes/custom-theme/img/logo-small.png,Referer http://localhost/littlefish/65-leicester-avenue-2/,
localhost,Request URL http://localhost/littlefish/littlefish/wp-content/themes/custom-theme/img/logo-small-grey.png,Referer http://localhost/littlefish/65-leicester-avenue-2/,
localhost,Request URL http://localhost/littlefish/littlefish/wp-content/uploads/2020/04/cropped-favicon-2-32x32.png,Referer ,
localhost,Request URL http://localhost/littlefish/littlefish/wp-content/uploads/2020/04/cropped-favicon-2-192x192.png,Referer ,
localhost,Request URL http://localhost/littlefish/littlefish/wp-content/themes/custom-theme/img/logo-small-white.png,Referer http://localhost/littlefish/65-leicester-avenue-2/,
localhost,Request URL http://localhost/littlefish/littlefish/wp-content/themes/custom-theme/img/logo-small.png,Referer http://localhost/littlefish/65-leicester-avenue-2/,
localhost,Request URL http://localhost/littlefish/littlefish/wp-content/uploads/2018/10/logo.png,Referer http://localhost/littlefish/65-leicester-avenue-2/,
localhost,Request URL http://localhost/littlefish/littlefish/wp-content/themes/custom-theme/img/logo-small-grey.png,Referer http://localhost/littlefish/65-leicester-avenue-2/,
localhost,Request URL http://localhost/littlefish/littlefish/wp-content/themes/custom-theme/fonts/ITCAvantGardeStd-Bk.woff,Referer http://localhost/littlefish/wp-content/themes/custom-theme/style.css?ver=1.0.1,
localhost,Request URL http://localhost/littlefish/littlefish/wp-content/themes/custom-theme/fonts/ITCAvantGardeStd-Md.woff,Referer http://localhost/littlefish/wp-content/themes/custom-theme/style.css?ver=1.0.1,
localhost,Request URL http://localhost/littlefish/littlefish/wp-content/themes/custom-theme/fonts/ITCAvantGardeStd-Bk.woff2,Referer http://localhost/littlefish/wp-content/themes/custom-theme/style.css?ver=1.0.1,
localhost,Request URL http://localhost/littlefish/littlefish/wp-content/themes/custom-theme/fonts/ITCAvantGardeStd-Md.woff2,Referer http://localhost/littlefish/wp-content/themes/custom-theme/style.css?ver=1.0.1,
localhost,Request URL http://localhost/littlefish/littlefish/wp-content/themes/custom-theme/img/logo-small-white.png,Referer http://localhost/littlefish/,
localhost,Request URL http://localhost/littlefish/littlefish/wp-content/uploads/2019/10/11-Milford-St-7_web-500x325.jpg,Referer http://localhost/littlefish/,
