localhost,Request URL http://localhost/littlefish/littlefish/wp-content/uploads/2019/10/lf-logo.png,Referer http://localhost/littlefish/,
localhost,Request URL http://localhost/littlefish/littlefish/wp-content/uploads/2018/11/facade-500x325.jpg,Referer http://localhost/littlefish/,
localhost,Request URL http://localhost/littlefish/littlefish/wp-content/themes/custom-theme/img/logo-small.png,Referer http://localhost/littlefish/,
localhost,Request URL http://localhost/littlefish/littlefish/wp-content/uploads/2019/10/11-Milford-St-7_web-500x325.jpg,Referer http://localhost/littlefish/,
localhost,Request URL http://localhost/littlefish/littlefish/wp-content/themes/custom-theme/img/logo-small-white.png,Referer http://localhost/littlefish/,
localhost,Request URL http://localhost/littlefish/littlefish/wp-content/uploads/2018/12/sss-500x325.jpg,Referer http://localhost/littlefish/,
localhost,Request URL http://localhost/littlefish/littlefish/wp-content/themes/custom-theme/fonts/ITCAvantGardeStd-XLt.woff,Referer http://localhost/littlefish/wp-content/themes/custom-theme/style.css?ver=1.0.1,
localhost,Request URL http://localhost/littlefish/littlefish/wp-content/uploads/2019/10/banner.jpg,Referer http://localhost/littlefish/,
localhost,Request URL http://localhost/littlefish/littlefish/wp-content/uploads/2019/10/residential-property-developer-melbourne.jpg,Referer http://localhost/littlefish/,
localhost,Request URL http://localhost/littlefish/littlefish/wp-content/uploads/2019/10/arrow-expand-blue.png,Referer http://localhost/littlefish/,
localhost,Request URL http://localhost/littlefish/littlefish/wp-content/uploads/2019/11/residential-developers-melbourne.jpg,Referer http://localhost/littlefish/,
localhost,Request URL http://localhost/littlefish/littlefish/wp-content/uploads/2019/10/residential-property-developers-melbourne.jpg,Referer http://localhost/littlefish/,
localhost,Request URL http://localhost/littlefish/littlefish/wp-content/themes/custom-theme/fonts/ITCAvantGardeStd-XLt.woff2,Referer http://localhost/littlefish/wp-content/themes/custom-theme/style.css?ver=1.0.1,
localhost,Request URL http://localhost/littlefish/littlefish/wp-content/uploads/2019/10/tick-box-40.png,Referer http://localhost/littlefish/,
localhost,Request URL http://localhost/littlefish/littlefish/wp-content/uploads/2020/04/cropped-favicon-2-192x192.png,Referer ,
localhost,Request URL http://localhost/littlefish/littlefish/wp-content/uploads/2020/04/cropped-favicon-2-32x32.png,Referer ,
localhost,Request URL http://localhost/littlefish/littlefish/wp-content/uploads/2019/10/play-icon.png,Referer http://localhost/littlefish/,
localhost,Request URL http://localhost/littlefish/littlefish/wp-content/uploads/2019/10/facade1-mount-500x325.jpg,Referer http://localhost/littlefish/,
localhost,Request URL http://localhost/littlefish/littlefish/wp-content/uploads/2019/05/104-collins-featured-500x325.jpg,Referer http://localhost/littlefish/,
localhost,Request URL http://localhost/littlefish/littlefish/wp-content/uploads/2019/03/exterior-reed-web-500x325.jpg,Referer http://localhost/littlefish/,
localhost,Request URL http://localhost/littlefish/littlefish/wp-content/uploads/2019/05/featured-500x325.png,Referer http://localhost/littlefish/,
localhost,Request URL http://localhost/littlefish/littlefish/wp-content/uploads/2019/10/residential-property-developer-2-1.jpg,Referer http://localhost/littlefish/,
localhost,Request URL http://localhost/littlefish/littlefish/wp-content/uploads/2019/10/residential-property-developers-1.jpg,Referer http://localhost/littlefish/,
localhost,Request URL http://localhost/littlefish/littlefish/wp-content/uploads/2019/01/residential-developers-avatar.jpg,Referer http://localhost/littlefish/,
localhost,Request URL http://localhost/littlefish/littlefish/wp-content/uploads/2019/12/portal-package.png,Referer http://localhost/littlefish/,
localhost,Request URL http://localhost/littlefish/littlefish/wp-content/uploads/2020/04/developer2-500x282.jpg,Referer http://localhost/littlefish/,
localhost,Request URL http://localhost/littlefish/littlefish/wp-content/themes/custom-theme/img/logo-small-grey.png,Referer http://localhost/littlefish/my-projects/,
localhost,Request URL http://localhost/littlefish/littlefish/wp-content/themes/custom-theme/img/logo-small-white.png,Referer http://localhost/littlefish/my-projects/,
localhost,Request URL http://localhost/littlefish/littlefish/wp-content/themes/custom-theme/img/logo-small.png,Referer http://localhost/littlefish/my-projects/,
localhost,Request URL http://localhost/littlefish/littlefish/wp-content/uploads/2018/10/logo.png,Referer http://localhost/littlefish/my-projects/,
localhost,Request URL http://localhost/littlefish/littlefish/wp-content/uploads/2020/04/cropped-favicon-2-192x192.png,Referer ,
localhost,Request URL http://localhost/littlefish/littlefish/wp-content/uploads/2020/04/cropped-favicon-2-32x32.png,Referer ,
localhost,Request URL http://localhost/littlefish/littlefish/wp-content/uploads/2018/10/logo.png,Referer http://localhost/littlefish/property_03/,
localhost,Request URL http://localhost/littlefish/littlefish/wp-content/themes/custom-theme/img/logo-small.png,Referer http://localhost/littlefish/property_03/,
localhost,Request URL http://localhost/littlefish/littlefish/wp-content/themes/custom-theme/img/logo-small-grey.png,Referer http://localhost/littlefish/property_03/,
localhost,Request URL http://localhost/littlefish/littlefish/wp-content/themes/custom-theme/img/logo-small-white.png,Referer http://localhost/littlefish/property_03/,
localhost,Request URL http://localhost/littlefish/littlefish/wp-content/uploads/2020/04/cropped-favicon-2-192x192.png,Referer ,
localhost,Request URL http://localhost/littlefish/littlefish/wp-content/uploads/2020/04/cropped-favicon-2-32x32.png,Referer ,
localhost,Request URL http://localhost/littlefish/littlefish/wp-content/uploads/2018/10/logo.png,Referer http://localhost/littlefish/property_03/,
localhost,Request URL http://localhost/littlefish/littlefish/wp-content/uploads/2020/04/cropped-favicon-2-192x192.png,Referer ,
localhost,Request URL http://localhost/littlefish/littlefish/wp-content/themes/custom-theme/img/logo-small-white.png,Referer http://localhost/littlefish/property_03/,
localhost,Request URL http://localhost/littlefish/littlefish/wp-content/themes/custom-theme/img/logo-small-grey.png,Referer http://localhost/littlefish/property_03/,
localhost,Request URL http://localhost/littlefish/littlefish/wp-content/themes/custom-theme/img/logo-small.png,Referer http://localhost/littlefish/property_03/,
localhost,Request URL http://localhost/littlefish/littlefish/wp-content/uploads/2020/04/cropped-favicon-2-32x32.png,Referer ,
localhost,Request URL http://localhost/littlefish/littlefish/wp-content/themes/custom-theme/img/logo-small-grey.png,Referer http://localhost/littlefish/property_03/,
localhost,Request URL http://localhost/littlefish/littlefish/wp-content/themes/custom-theme/img/logo-small.png,Referer http://localhost/littlefish/property_03/,
localhost,Request URL http://localhost/littlefish/littlefish/wp-content/uploads/2018/10/logo.png,Referer http://localhost/littlefish/property_03/,
localhost,Request URL http://localhost/littlefish/littlefish/wp-content/themes/custom-theme/img/logo-small-white.png,Referer http://localhost/littlefish/property_03/,
localhost,Request URL http://localhost/littlefish/littlefish/wp-content/uploads/2020/04/cropped-favicon-2-32x32.png,Referer ,
localhost,Request URL http://localhost/littlefish/littlefish/wp-content/uploads/2020/04/cropped-favicon-2-192x192.png,Referer ,
localhost,Request URL http://localhost/littlefish/littlefish/wp-content/themes/custom-theme/img/logo-small-grey.png,Referer http://localhost/littlefish/property_03/,
localhost,Request URL http://localhost/littlefish/littlefish/wp-content/uploads/2018/10/logo.png,Referer http://localhost/littlefish/property_03/,
localhost,Request URL http://localhost/littlefish/littlefish/wp-content/themes/custom-theme/img/logo-small.png,Referer http://localhost/littlefish/property_03/,
localhost,Request URL http://localhost/littlefish/littlefish/wp-content/themes/custom-theme/img/logo-small-white.png,Referer http://localhost/littlefish/property_03/,
localhost,Request URL http://localhost/littlefish/littlefish/wp-content/uploads/2018/10/logo.png,Referer http://localhost/littlefish/property_03/,
localhost,Request URL http://localhost/littlefish/littlefish/wp-content/themes/custom-theme/img/logo-small-white.png,Referer http://localhost/littlefish/property_03/,
localhost,Request URL http://localhost/littlefish/littlefish/wp-content/themes/custom-theme/img/logo-small-grey.png,Referer http://localhost/littlefish/property_03/,
localhost,Request URL http://localhost/littlefish/littlefish/wp-content/themes/custom-theme/img/logo-small.png,Referer http://localhost/littlefish/property_03/,
localhost,Request URL http://localhost/littlefish/littlefish/wp-content/themes/custom-theme/img/logo-small-white.png,Referer http://localhost/littlefish/property_03/,
localhost,Request URL http://localhost/littlefish/littlefish/wp-content/uploads/2018/10/logo.png,Referer http://localhost/littlefish/property_03/,
localhost,Request URL http://localhost/littlefish/littlefish/wp-content/themes/custom-theme/img/logo-small.png,Referer http://localhost/littlefish/property_03/,
localhost,Request URL http://localhost/littlefish/littlefish/wp-content/themes/custom-theme/img/logo-small-grey.png,Referer http://localhost/littlefish/property_03/,
localhost,Request URL http://localhost/littlefish/littlefish/wp-content/themes/custom-theme/fonts/fontawesome-webfont.woff2?v=4.7.0,Referer http://localhost/littlefish/wp-content/themes/custom-theme/css/font-awesome.css?ver=4.7.0,
localhost,Request URL http://localhost/littlefish/littlefish/wp-content/themes/custom-theme/fonts/fontawesome-webfont.woff?v=4.7.0,Referer http://localhost/littlefish/wp-content/themes/custom-theme/css/font-awesome.css?ver=4.7.0,
localhost,Request URL http://localhost/littlefish/littlefish/wp-content/themes/custom-theme/fonts/fontawesome-webfont.ttf?v=4.7.0,Referer http://localhost/littlefish/wp-content/themes/custom-theme/css/font-awesome.css?ver=4.7.0,
localhost,Request URL http://localhost/littlefish/littlefish/wp-content/themes/custom-theme/img/logo-small.png,Referer http://localhost/littlefish/my-projects/,
localhost,Request URL http://localhost/littlefish/littlefish/wp-content/themes/custom-theme/img/logo-small-white.png,Referer http://localhost/littlefish/my-projects/,
localhost,Request URL http://localhost/littlefish/littlefish/wp-content/uploads/2018/10/logo.png,Referer http://localhost/littlefish/my-projects/,
localhost,Request URL http://localhost/littlefish/littlefish/wp-content/themes/custom-theme/img/logo-small-grey.png,Referer http://localhost/littlefish/my-projects/,
localhost,Request URL http://localhost/littlefish/littlefish/wp-content/uploads/2020/04/cropped-favicon-2-192x192.png,Referer ,
localhost,Request URL http://localhost/littlefish/littlefish/wp-content/uploads/2020/04/cropped-favicon-2-32x32.png,Referer ,
localhost,Request URL http://localhost/littlefish/littlefish/wp-content/themes/custom-theme/img/logo-small-white.png,Referer http://localhost/littlefish/anandhsp21/,
localhost,Request URL http://localhost/littlefish/littlefish/wp-content/uploads/2018/10/logo.png,Referer http://localhost/littlefish/anandhsp21/,
localhost,Request URL http://localhost/littlefish/littlefish/wp-content/themes/custom-theme/img/logo-small-grey.png,Referer http://localhost/littlefish/anandhsp21/,
localhost,Request URL http://localhost/littlefish/littlefish/wp-content/themes/custom-theme/img/logo-small.png,Referer http://localhost/littlefish/anandhsp21/,
localhost,Request URL http://localhost/littlefish/littlefish/wp-content/themes/custom-theme/img/logo-small.png,Referer http://localhost/littlefish/anandhsp21/,
localhost,Request URL http://localhost/littlefish/littlefish/wp-content/themes/custom-theme/img/logo-small-grey.png,Referer http://localhost/littlefish/anandhsp21/,
localhost,Request URL http://localhost/littlefish/littlefish/wp-content/uploads/2018/10/logo.png,Referer http://localhost/littlefish/anandhsp21/,
localhost,Request URL http://localhost/littlefish/littlefish/wp-content/themes/custom-theme/img/logo-small-white.png,Referer http://localhost/littlefish/anandhsp21/,
localhost,Request URL http://localhost/littlefish/littlefish/wp-content/themes/custom-theme/img/logo-small.png,Referer http://localhost/littlefish/my-projects/,
localhost,Request URL http://localhost/littlefish/littlefish/wp-content/themes/custom-theme/img/logo-small-grey.png,Referer http://localhost/littlefish/my-projects/,
localhost,Request URL http://localhost/littlefish/littlefish/wp-content/themes/custom-theme/img/logo-small-white.png,Referer http://localhost/littlefish/anandhsp21/,
localhost,Request URL http://localhost/littlefish/littlefish/wp-content/uploads/2018/10/logo.png,Referer http://localhost/littlefish/anandhsp21/,
localhost,Request URL http://localhost/littlefish/littlefish/wp-content/themes/custom-theme/img/logo-small.png,Referer http://localhost/littlefish/anandhsp21/,
localhost,Request URL http://localhost/littlefish/littlefish/wp-content/themes/custom-theme/img/logo-small-grey.png,Referer http://localhost/littlefish/anandhsp21/,
localhost,Request URL http://localhost/littlefish/littlefish/wp-content/uploads/2018/10/logo.png,Referer http://localhost/littlefish/anandhsp21/,
localhost,Request URL http://localhost/littlefish/littlefish/wp-content/themes/custom-theme/img/logo-small-white.png,Referer http://localhost/littlefish/anandhsp21/,
localhost,Request URL http://localhost/littlefish/littlefish/wp-content/themes/custom-theme/img/logo-small.png,Referer http://localhost/littlefish/anandhsp21/,
localhost,Request URL http://localhost/littlefish/littlefish/wp-content/themes/custom-theme/img/logo-small-grey.png,Referer http://localhost/littlefish/anandhsp21/,
localhost,Request URL http://localhost/littlefish/littlefish/wp-content/themes/custom-theme/img/logo-small.png,Referer http://localhost/littlefish/anandhsp21/,
localhost,Request URL http://localhost/littlefish/littlefish/wp-content/uploads/2018/10/logo.png,Referer http://localhost/littlefish/anandhsp21/,
localhost,Request URL http://localhost/littlefish/littlefish/wp-content/themes/custom-theme/img/logo-small-white.png,Referer http://localhost/littlefish/anandhsp21/,
localhost,Request URL http://localhost/littlefish/littlefish/wp-content/themes/custom-theme/img/logo-small-grey.png,Referer http://localhost/littlefish/anandhsp21/,
localhost,Request URL http://localhost/littlefish/littlefish/wp-content/themes/custom-theme/img/logo-small-white.png,Referer http://localhost/littlefish/anandhsp21/,
localhost,Request URL http://localhost/littlefish/littlefish/wp-content/themes/custom-theme/img/logo-small.png,Referer http://localhost/littlefish/anandhsp21/,
localhost,Request URL http://localhost/littlefish/littlefish/wp-content/themes/custom-theme/img/logo-small-grey.png,Referer http://localhost/littlefish/anandhsp21/,
localhost,Request URL http://localhost/littlefish/littlefish/wp-content/uploads/2018/10/logo.png,Referer http://localhost/littlefish/anandhsp21/,
