localhost,Request URL http://localhost/littlefish/littlefish/wp-content/themes/custom-theme/img/logo-small-white.png,Referer http://localhost/littlefish/my-projects/,
localhost,Request URL http://localhost/littlefish/littlefish/wp-content/themes/custom-theme/img/logo-small.png,Referer http://localhost/littlefish/my-projects/,
localhost,Request URL http://localhost/littlefish/littlefish/wp-content/uploads/2018/10/logo.png,Referer http://localhost/littlefish/my-projects/,
localhost,Request URL http://localhost/littlefish/littlefish/wp-content/themes/custom-theme/img/logo-small-grey.png,Referer http://localhost/littlefish/my-projects/,
localhost,Request URL http://localhost/littlefish/littlefish/wp-content/uploads/2018/05/background-image-7.png,Referer http://localhost/littlefish/my-projects/,
localhost,Request URL http://localhost/littlefish/littlefish/wp-content/uploads/2018/10/logo.png,Referer http://localhost/littlefish/my-projects/,
localhost,Request URL http://localhost/littlefish/littlefish/wp-content/themes/custom-theme/img/logo-small.png,Referer http://localhost/littlefish/my-projects/,
localhost,Request URL http://localhost/littlefish/littlefish/wp-content/themes/custom-theme/img/logo-small-white.png,Referer http://localhost/littlefish/my-projects/,
localhost,Request URL http://localhost/littlefish/littlefish/wp-content/themes/custom-theme/img/logo-small-grey.png,Referer http://localhost/littlefish/my-projects/,
localhost,Request URL http://localhost/littlefish/littlefish/wp-content/uploads/2018/05/background-image-7.png,Referer http://localhost/littlefish/my-projects/,
localhost,Request URL http://localhost/littlefish/littlefish/wp-content/uploads/2018/10/logo.png,Referer http://localhost/littlefish/my-projects/,
localhost,Request URL http://localhost/littlefish/littlefish/wp-content/themes/custom-theme/img/logo-small.png,Referer http://localhost/littlefish/my-projects/,
localhost,Request URL http://localhost/littlefish/littlefish/wp-content/themes/custom-theme/img/logo-small-white.png,Referer http://localhost/littlefish/my-projects/,
localhost,Request URL http://localhost/littlefish/littlefish/wp-content/themes/custom-theme/img/logo-small-grey.png,Referer http://localhost/littlefish/my-projects/,
localhost,Request URL http://localhost/littlefish/littlefish/wp-content/uploads/2018/05/background-image-7.png,Referer http://localhost/littlefish/my-projects/,
localhost,Request URL http://localhost/littlefish/littlefish/wp-content/uploads/2018/05/background-image-7.png,Referer http://localhost/littlefish/my-projects/,
localhost,Request URL http://localhost/littlefish/littlefish/wp-content/uploads/2018/10/logo.png,Referer http://localhost/littlefish/my-projects/,
localhost,Request URL http://localhost/littlefish/littlefish/wp-content/themes/custom-theme/img/logo-small-white.png,Referer http://localhost/littlefish/my-projects/,
localhost,Request URL http://localhost/littlefish/littlefish/wp-content/themes/custom-theme/img/logo-small.png,Referer http://localhost/littlefish/my-projects/,
localhost,Request URL http://localhost/littlefish/littlefish/wp-content/themes/custom-theme/img/logo-small-grey.png,Referer http://localhost/littlefish/my-projects/,
localhost,Request URL http://localhost/littlefish/littlefish/wp-content/themes/custom-theme/img/logo-small-white.png,Referer http://localhost/littlefish/my-projects/,
localhost,Request URL http://localhost/littlefish/littlefish/wp-content/themes/custom-theme/img/logo-small-grey.png,Referer http://localhost/littlefish/my-projects/,
localhost,Request URL http://localhost/littlefish/littlefish/wp-content/themes/custom-theme/img/logo-small.png,Referer http://localhost/littlefish/my-projects/,
localhost,Request URL http://localhost/littlefish/littlefish/wp-content/uploads/2018/10/logo.png,Referer http://localhost/littlefish/my-projects/,
localhost,Request URL http://localhost/littlefish/littlefish/wp-content/uploads/2018/05/background-image-7.png,Referer http://localhost/littlefish/my-projects/,
localhost,Request URL http://localhost/littlefish/littlefish/wp-content/uploads/2020/04/cropped-favicon-2-192x192.png,Referer ,
localhost,Request URL http://localhost/littlefish/littlefish/wp-content/uploads/2020/04/cropped-favicon-2-32x32.png,Referer ,
localhost,Request URL http://localhost/littlefish/littlefish/wp-content/uploads/2018/10/logo.png,Referer http://localhost/littlefish/my-projects/,
localhost,Request URL http://localhost/littlefish/littlefish/wp-content/themes/custom-theme/img/logo-small-grey.png,Referer http://localhost/littlefish/my-projects/,
localhost,Request URL http://localhost/littlefish/littlefish/wp-content/themes/custom-theme/img/logo-small-white.png,Referer http://localhost/littlefish/my-projects/,
localhost,Request URL http://localhost/littlefish/littlefish/wp-content/themes/custom-theme/img/logo-small.png,Referer http://localhost/littlefish/my-projects/,
localhost,Request URL http://localhost/littlefish/littlefish/wp-content/uploads/2018/05/background-image-7.png,Referer http://localhost/littlefish/my-projects/,
localhost,Request URL http://localhost/littlefish/littlefish/wp-content/uploads/2018/10/logo.png,Referer http://localhost/littlefish/my-projects/,
localhost,Request URL http://localhost/littlefish/littlefish/wp-content/themes/custom-theme/img/logo-small-white.png,Referer http://localhost/littlefish/my-projects/,
localhost,Request URL http://localhost/littlefish/littlefish/wp-content/themes/custom-theme/img/logo-small.png,Referer http://localhost/littlefish/my-projects/,
localhost,Request URL http://localhost/littlefish/littlefish/wp-content/themes/custom-theme/img/logo-small-grey.png,Referer http://localhost/littlefish/my-projects/,
localhost,Request URL http://localhost/littlefish/littlefish/wp-content/uploads/2018/05/background-image-7.png,Referer http://localhost/littlefish/my-projects/,
localhost,Request URL http://localhost/littlefish/littlefish/wp-content/uploads/2020/04/cropped-favicon-2-192x192.png,Referer ,
localhost,Request URL http://localhost/littlefish/littlefish/wp-content/uploads/2020/04/cropped-favicon-2-32x32.png,Referer ,
localhost,Request URL http://localhost/littlefish/littlefish/wp-content/themes/custom-theme/img/logo-small-white.png,Referer http://localhost/littlefish/my-projects/,
localhost,Request URL http://localhost/littlefish/littlefish/wp-content/themes/custom-theme/img/logo-small.png,Referer http://localhost/littlefish/my-projects/,
localhost,Request URL http://localhost/littlefish/littlefish/wp-content/uploads/2018/10/logo.png,Referer http://localhost/littlefish/my-projects/,
localhost,Request URL http://localhost/littlefish/littlefish/wp-content/themes/custom-theme/img/logo-small-grey.png,Referer http://localhost/littlefish/my-projects/,
localhost,Request URL http://localhost/littlefish/littlefish/wp-content/uploads/2018/05/background-image-7.png,Referer http://localhost/littlefish/my-projects/,
localhost,Request URL http://localhost/littlefish/littlefish/wp-content/themes/custom-theme/img/logo-small.png,Referer http://localhost/littlefish/my-projects/,
localhost,Request URL http://localhost/littlefish/littlefish/wp-content/uploads/2018/10/logo.png,Referer http://localhost/littlefish/my-projects/,
localhost,Request URL http://localhost/littlefish/littlefish/wp-content/themes/custom-theme/img/logo-small-grey.png,Referer http://localhost/littlefish/my-projects/,
localhost,Request URL http://localhost/littlefish/littlefish/wp-content/themes/custom-theme/img/logo-small-white.png,Referer http://localhost/littlefish/my-projects/,
localhost,Request URL http://localhost/littlefish/littlefish/wp-content/uploads/2018/05/background-image-7.png,Referer http://localhost/littlefish/my-projects/,
localhost,Request URL http://localhost/littlefish/littlefish/wp-content/uploads/2018/10/step-by-ste-instructions.png,Referer http://localhost/littlefish/wp-admin/admin.php?page=testsettings,
localhost,Request URL http://localhost/littlefish/littlefish/wp-content/uploads/2018/10/logo.png,Referer http://localhost/littlefish/my-projects/,
localhost,Request URL http://localhost/littlefish/littlefish/wp-content/themes/custom-theme/img/logo-small.png,Referer http://localhost/littlefish/my-projects/,
localhost,Request URL http://localhost/littlefish/littlefish/wp-content/themes/custom-theme/img/logo-small-white.png,Referer http://localhost/littlefish/my-projects/,
localhost,Request URL http://localhost/littlefish/littlefish/wp-content/themes/custom-theme/img/logo-small-grey.png,Referer http://localhost/littlefish/my-projects/,
localhost,Request URL http://localhost/littlefish/littlefish/wp-content/uploads/2018/05/background-image-7.png,Referer http://localhost/littlefish/my-projects/,
localhost,Request URL http://localhost/littlefish/littlefish/wp-content/uploads/2020/04/cropped-favicon-2.png,Referer http://localhost/littlefish/wp-admin/post.php?post=6240&action=edit&classic-editor,
localhost,Request URL http://localhost/littlefish/littlefish/wp-content/themes/custom-theme/img/logo-small-white.png,Referer http://localhost/littlefish/my-projects/,
localhost,Request URL http://localhost/littlefish/littlefish/wp-content/themes/custom-theme/img/logo-small-grey.png,Referer http://localhost/littlefish/my-projects/,
localhost,Request URL http://localhost/littlefish/littlefish/wp-content/themes/custom-theme/img/logo-small.png,Referer http://localhost/littlefish/my-projects/,
localhost,Request URL http://localhost/littlefish/littlefish/wp-content/uploads/2018/10/logo.png,Referer http://localhost/littlefish/my-projects/,
localhost,Request URL http://localhost/littlefish/littlefish/wp-content/uploads/2018/05/background-image-7.png,Referer http://localhost/littlefish/my-projects/,
localhost,Request URL http://localhost/littlefish/littlefish/wp-content/themes/custom-theme/img/logo-small-white.png,Referer http://localhost/littlefish/my-projects/,
localhost,Request URL http://localhost/littlefish/littlefish/wp-content/uploads/2018/10/logo.png,Referer http://localhost/littlefish/my-projects/,
localhost,Request URL http://localhost/littlefish/littlefish/wp-content/themes/custom-theme/img/logo-small-grey.png,Referer http://localhost/littlefish/my-projects/,
localhost,Request URL http://localhost/littlefish/littlefish/wp-content/themes/custom-theme/img/logo-small.png,Referer http://localhost/littlefish/my-projects/,
localhost,Request URL http://localhost/littlefish/littlefish/wp-content/uploads/2018/05/background-image-7.png,Referer http://localhost/littlefish/my-projects/,
localhost,Request URL http://localhost/littlefish/littlefish/wp-content/themes/custom-theme/img/logo-small-white.png,Referer http://localhost/littlefish/my-projects/,
localhost,Request URL http://localhost/littlefish/littlefish/wp-content/themes/custom-theme/img/logo-small-grey.png,Referer http://localhost/littlefish/my-projects/,
localhost,Request URL http://localhost/littlefish/littlefish/wp-content/themes/custom-theme/img/logo-small.png,Referer http://localhost/littlefish/my-projects/,
localhost,Request URL http://localhost/littlefish/littlefish/wp-content/uploads/2018/10/logo.png,Referer http://localhost/littlefish/my-projects/,
localhost,Request URL http://localhost/littlefish/littlefish/wp-content/uploads/2018/05/background-image-7.png,Referer http://localhost/littlefish/my-projects/,
localhost,Request URL http://localhost/littlefish/littlefish/wp-content/themes/custom-theme/img/logo-small.png,Referer http://localhost/littlefish/my-projects/,
localhost,Request URL http://localhost/littlefish/littlefish/wp-content/themes/custom-theme/img/logo-small-white.png,Referer http://localhost/littlefish/my-projects/,
localhost,Request URL http://localhost/littlefish/littlefish/wp-content/themes/custom-theme/img/logo-small-grey.png,Referer http://localhost/littlefish/my-projects/,
localhost,Request URL http://localhost/littlefish/littlefish/wp-content/uploads/2018/10/logo.png,Referer http://localhost/littlefish/my-projects/,
localhost,Request URL http://localhost/littlefish/littlefish/wp-content/uploads/2018/05/background-image-7.png,Referer http://localhost/littlefish/my-projects/,
localhost,Request URL http://localhost/littlefish/littlefish/wp-content/uploads/2018/10/logo.png,Referer http://localhost/littlefish/my-projects/,
localhost,Request URL http://localhost/littlefish/littlefish/wp-content/themes/custom-theme/img/logo-small.png,Referer http://localhost/littlefish/my-projects/,
localhost,Request URL http://localhost/littlefish/littlefish/wp-content/themes/custom-theme/img/logo-small-grey.png,Referer http://localhost/littlefish/my-projects/,
localhost,Request URL http://localhost/littlefish/littlefish/wp-content/themes/custom-theme/img/logo-small-white.png,Referer http://localhost/littlefish/my-projects/,
localhost,Request URL http://localhost/littlefish/littlefish/wp-content/uploads/2018/05/background-image-7.png,Referer http://localhost/littlefish/my-projects/,
localhost,Request URL http://localhost/littlefish/littlefish/wp-content/themes/custom-theme/fonts/fontawesome-webfont.woff2?v=4.7.0,Referer http://localhost/littlefish/wp-content/themes/custom-theme/css/font-awesome.css?ver=4.7.0,
localhost,Request URL http://localhost/littlefish/littlefish/wp-content/themes/custom-theme/fonts/fontawesome-webfont.woff?v=4.7.0,Referer http://localhost/littlefish/wp-content/themes/custom-theme/css/font-awesome.css?ver=4.7.0,
localhost,Request URL http://localhost/littlefish/littlefish/wp-content/themes/custom-theme/fonts/fontawesome-webfont.ttf?v=4.7.0,Referer http://localhost/littlefish/wp-content/themes/custom-theme/css/font-awesome.css?ver=4.7.0,
localhost,Request URL http://localhost/littlefish/littlefish/wp-content/themes/custom-theme/img/logo-small.png,Referer http://localhost/littlefish/my-projects/,
localhost,Request URL http://localhost/littlefish/littlefish/wp-content/uploads/2018/10/logo.png,Referer http://localhost/littlefish/my-projects/,
localhost,Request URL http://localhost/littlefish/littlefish/wp-content/uploads/2018/05/background-image-7.png,Referer http://localhost/littlefish/my-projects/,
localhost,Request URL http://localhost/littlefish/littlefish/wp-content/themes/custom-theme/img/logo-small-grey.png,Referer http://localhost/littlefish/my-projects/,
localhost,Request URL http://localhost/littlefish/littlefish/wp-content/themes/custom-theme/img/logo-small-white.png,Referer http://localhost/littlefish/my-projects/,
localhost,Request URL http://localhost/littlefish/littlefish/wp-content/uploads/2020/04/cropped-favicon-2.png,Referer http://localhost/littlefish/wp-admin/post.php?post=5945&action=edit&classic-editor,
localhost,Request URL http://localhost/littlefish/littlefish/wp-content/uploads/2019/11/angie-stamos-150x150.jpg,Referer http://localhost/littlefish/wp-admin/user-edit.php?user_id=52&wp_http_referer=%2Flittlefish%2Fwp-admin%2Fusers.php,
localhost,Request URL http://localhost/littlefish/littlefish/wp-content/uploads/2020/04/cropped-favicon-2.png,Referer http://localhost/littlefish/wp-admin/post.php?post=5945&action=edit&classic-editor,
localhost,Request URL http://localhost/littlefish/littlefish/wp-content/uploads/2020/04/cropped-favicon-2-192x192.png,Referer ,
localhost,Request URL http://localhost/littlefish/littlefish/wp-content/uploads/2020/04/cropped-favicon-2-32x32.png,Referer ,
localhost,Request URL http://localhost/littlefish/littlefish/wp-content/uploads/2020/04/cropped-favicon-2.png,Referer http://localhost/littlefish/wp-admin/post.php?post=6240&action=edit&classic-editor,
localhost,Request URL http://localhost/littlefish/littlefish/wp-content/uploads/2019/10/residential-property-developer-melbourne-150x150.jpg,Referer http://localhost/littlefish/wp-admin/post.php?post=3206&action=edit&classic-editor,
localhost,Request URL http://localhost/littlefish/littlefish/wp-content/uploads/2019/10/residential-property-developer-2-1.jpg,Referer http://localhost/littlefish/wp-admin/post.php?post=3206&action=edit&classic-editor,
localhost,Request URL http://localhost/littlefish/littlefish/wp-content/uploads/2019/10/matt-150x150.jpg,Referer http://localhost/littlefish/wp-admin/post.php?post=3206&action=edit&classic-editor,
localhost,Request URL http://localhost/littlefish/littlefish/wp-content/uploads/2018/10/ben-profile-image-150x150.jpg,Referer http://localhost/littlefish/wp-admin/post.php?post=12&action=edit&classic-editor__forget,
localhost,Request URL http://localhost/littlefish/littlefish/wp-content/uploads/2018/10/mark-profile-image-150x150.jpg,Referer http://localhost/littlefish/wp-admin/post.php?post=12&action=edit&classic-editor__forget,
localhost,Request URL http://localhost/littlefish/littlefish/wp-content/uploads/2018/10/pete-profile-image-150x150.jpg,Referer http://localhost/littlefish/wp-admin/post.php?post=12&action=edit&classic-editor__forget,
localhost,Request URL http://localhost/littlefish/littlefish/wp-content/uploads/2019/03/about-us-web-150x150.jpg,Referer http://localhost/littlefish/wp-admin/post.php?post=12&action=edit&classic-editor__forget,
localhost,Request URL http://localhost/littlefish/littlefish/wp-content/uploads/2020/04/cropped-favicon-2.png,Referer http://localhost/littlefish/wp-admin/post.php?post=12&action=edit&classic-editor__forget,
localhost,Request URL http://localhost/littlefish/littlefish/wp-content/uploads/2018/10/pete-profile-image-150x150.jpg,Referer http://localhost/littlefish/wp-admin/post.php?post=12&action=edit&classic-editor__forget,
localhost,Request URL http://localhost/littlefish/littlefish/wp-content/uploads/2018/10/ben-profile-image-150x150.jpg,Referer http://localhost/littlefish/wp-admin/post.php?post=12&action=edit&classic-editor__forget,
localhost,Request URL http://localhost/littlefish/littlefish/wp-content/uploads/2019/03/about-us-web-150x150.jpg,Referer http://localhost/littlefish/wp-admin/post.php?post=12&action=edit&classic-editor__forget,
localhost,Request URL http://localhost/littlefish/littlefish/wp-content/uploads/2018/10/mark-profile-image-150x150.jpg,Referer http://localhost/littlefish/wp-admin/post.php?post=12&action=edit&classic-editor__forget,
localhost,Request URL http://localhost/littlefish/littlefish/wp-content/uploads/2020/04/cropped-favicon-2.png,Referer http://localhost/littlefish/wp-admin/post.php?post=12&action=edit&classic-editor__forget,
localhost,Request URL http://localhost/littlefish/littlefish/wp-content/uploads/2020/04/cropped-favicon-2-32x32.png,Referer ,
localhost,Request URL http://localhost/littlefish/littlefish/wp-content/uploads/2020/04/cropped-favicon-2-192x192.png,Referer ,
localhost,Request URL http://localhost/littlefish/littlefish/wp-content/uploads/2020/04/cropped-favicon-2-192x192.png,Referer ,
localhost,Request URL http://localhost/littlefish/littlefish/wp-content/uploads/2020/04/cropped-favicon-2.png,Referer http://localhost/littlefish/wp-admin/post.php?post=6244&action=edit&classic-editor,
localhost,Request URL http://localhost/littlefish/littlefish/wp-content/uploads/2020/04/cropped-favicon-2-32x32.png,Referer ,
localhost,Request URL http://localhost/littlefish/littlefish/wp-content/uploads/2020/04/cropped-favicon-2-192x192.png,Referer ,
localhost,Request URL http://localhost/littlefish/littlefish/wp-content/uploads/2020/04/cropped-favicon-2-192x192.png,Referer ,
localhost,Request URL http://localhost/littlefish/littlefish/wp-content/uploads/2020/04/cropped-favicon-2-32x32.png,Referer ,
localhost,Request URL http://localhost/littlefish/littlefish/wp-content/uploads/2018/10/pete-profile-image-150x150.jpg,Referer http://localhost/littlefish/wp-admin/post.php?post=12&action=edit&classic-editor,
localhost,Request URL http://localhost/littlefish/littlefish/wp-content/uploads/2018/10/ben-profile-image-150x150.jpg,Referer http://localhost/littlefish/wp-admin/post.php?post=12&action=edit&classic-editor,
localhost,Request URL http://localhost/littlefish/littlefish/wp-content/uploads/2019/03/about-us-web-150x150.jpg,Referer http://localhost/littlefish/wp-admin/post.php?post=12&action=edit&classic-editor,
localhost,Request URL http://localhost/littlefish/littlefish/wp-content/uploads/2018/10/mark-profile-image-150x150.jpg,Referer http://localhost/littlefish/wp-admin/post.php?post=12&action=edit&classic-editor,
localhost,Request URL http://localhost/littlefish/littlefish/wp-content/uploads/2020/04/cropped-favicon-2-192x192.png,Referer ,
localhost,Request URL http://localhost/littlefish/littlefish/wp-content/uploads/2020/04/cropped-favicon-2-32x32.png,Referer ,
localhost,Request URL http://localhost/littlefish/littlefish/wp-content/uploads/2020/04/cropped-favicon-2.png,Referer http://localhost/littlefish/wp-admin/post.php?post=12&action=edit&classic-editor,
localhost,Request URL http://localhost/littlefish/littlefish/wp-content/uploads/2020/04/cropped-favicon-2-192x192.png,Referer ,
localhost,Request URL http://localhost/littlefish/littlefish/wp-content/uploads/2020/04/cropped-favicon-2-32x32.png,Referer ,
localhost,Request URL http://localhost/littlefish/littlefish/wp-content/uploads/2018/05/background-image-7-150x150.png,Referer http://localhost/littlefish/wp-admin/post.php?post=148&action=edit&classic-editor,
localhost,Request URL http://localhost/littlefish/littlefish/wp-content/uploads/2020/04/cropped-favicon-2-32x32.png,Referer ,
localhost,Request URL http://localhost/littlefish/littlefish/wp-content/uploads/2020/04/cropped-favicon-2-192x192.png,Referer ,
localhost,Request URL http://localhost/littlefish/littlefish/wp-content/uploads/2020/04/cropped-favicon-2.png,Referer http://localhost/littlefish/wp-admin/post.php?post=148&action=edit&classic-editor,
localhost,Request URL http://localhost/littlefish/littlefish/wp-content/uploads/2020/04/cropped-favicon-2-32x32.png,Referer ,
localhost,Request URL http://localhost/littlefish/littlefish/wp-content/uploads/2020/04/cropped-favicon-2-192x192.png,Referer ,
localhost,Request URL http://localhost/littlefish/littlefish/wp-content/uploads/2020/04/cropped-favicon-2-192x192.png,Referer ,
localhost,Request URL http://localhost/littlefish/littlefish/wp-content/uploads/2020/04/cropped-favicon-2-32x32.png,Referer ,
localhost,Request URL http://localhost/littlefish/littlefish/wp-content/uploads/2020/04/cropped-favicon-2-32x32.png,Referer ,
localhost,Request URL http://localhost/littlefish/littlefish/wp-content/uploads/2020/04/cropped-favicon-2-192x192.png,Referer ,
localhost,Request URL http://localhost/littlefish/littlefish/wp-content/uploads/2020/04/cropped-favicon-2-192x192.png,Referer ,
localhost,Request URL http://localhost/littlefish/littlefish/wp-content/uploads/2020/04/cropped-favicon-2-32x32.png,Referer ,
localhost,Request URL http://localhost/littlefish/littlefish/wp-content/uploads/2020/04/cropped-favicon-2-32x32.png,Referer ,
localhost,Request URL http://localhost/littlefish/littlefish/wp-content/uploads/2020/04/cropped-favicon-2-192x192.png,Referer ,
localhost,Request URL http://localhost/littlefish/littlefish/wp-content/uploads/2020/04/cropped-favicon-2-32x32.png,Referer ,
localhost,Request URL http://localhost/littlefish/littlefish/wp-content/uploads/2020/04/cropped-favicon-2-192x192.png,Referer ,
localhost,Request URL http://localhost/littlefish/littlefish/wp-content/uploads/2018/05/background-image-7-150x150.png,Referer http://localhost/littlefish/wp-admin/post.php?post=148&action=edit&classic-editor,
localhost,Request URL http://localhost/littlefish/littlefish/wp-content/uploads/2020/04/cropped-favicon-2-192x192.png,Referer ,
localhost,Request URL http://localhost/littlefish/littlefish/wp-content/uploads/2020/04/cropped-favicon-2-32x32.png,Referer ,
localhost,Request URL http://localhost/littlefish/littlefish/wp-content/uploads/2020/04/cropped-favicon-2.png,Referer http://localhost/littlefish/wp-admin/post.php?post=148&action=edit&classic-editor,
localhost,Request URL http://localhost/littlefish/littlefish/wp-content/themes/custom-theme/img/logo-small-white.png,Referer http://localhost/littlefish/my-projects/,
localhost,Request URL http://localhost/littlefish/littlefish/wp-content/themes/custom-theme/img/logo-small.png,Referer http://localhost/littlefish/my-projects/,
localhost,Request URL http://localhost/littlefish/littlefish/wp-content/themes/custom-theme/img/logo-small-grey.png,Referer http://localhost/littlefish/my-projects/,
localhost,Request URL http://localhost/littlefish/littlefish/wp-content/uploads/2018/10/logo.png,Referer http://localhost/littlefish/my-projects/,
localhost,Request URL http://localhost/littlefish/littlefish/wp-content/uploads/2018/05/background-image-7.png,Referer http://localhost/littlefish/my-projects/,
localhost,Request URL http://localhost/littlefish/littlefish/wp-content/themes/custom-theme/img/logo-small.png,Referer http://localhost/littlefish/my-projects/,
localhost,Request URL http://localhost/littlefish/littlefish/wp-content/uploads/2018/10/logo.png,Referer http://localhost/littlefish/my-projects/,
localhost,Request URL http://localhost/littlefish/littlefish/wp-content/themes/custom-theme/img/logo-small-white.png,Referer http://localhost/littlefish/my-projects/,
localhost,Request URL http://localhost/littlefish/littlefish/wp-content/themes/custom-theme/img/logo-small-grey.png,Referer http://localhost/littlefish/my-projects/,
localhost,Request URL http://localhost/littlefish/littlefish/wp-content/uploads/2018/05/background-image-7.png,Referer http://localhost/littlefish/my-projects/,
